#
# A fatal error has been detected by the Java Runtime Environment:
#
#  SIGSEGV (0xb) at pc=0x0000000126a26a6b, pid=2535, tid=5635
#
# JRE version: OpenJDK Runtime Environment (11.0.2+9) (build 11.0.2+9)
# Java VM: OpenJDK 64-Bit Server VM (11.0.2+9, mixed mode, tiered, compressed oops, g1 gc, bsd-amd64)
# Problematic frame:
# C  [libtesseract.4.dylib+0x17a6b]  tesseract::Tesseract::recog_all_words(PAGE_RES*, ETEXT_DESC*, TBOX const*, char const*, int)+0xaf
#
# No core dump will be written. Core dumps have been disabled. To enable core dumping, try "ulimit -c unlimited" before starting Java again
#
# If you would like to submit a bug report, please visit:
#   http://bugreport.java.com/bugreport/crash.jsp
# The crash happened outside the Java Virtual Machine in native code.
# See problematic frame for where to report the bug.
#

---------------  S U M M A R Y ------------

Command Line: -agentlib:jdwp=transport=dt_socket,server=n,suspend=y,address=49624 -Dfile.encoding=UTF-8 -Duser.country=US -Duser.language=en -Duser.variant com.boggle.BoggleBoardGenerator

Host: MacBookAir7,2 x86_64 2200 MHz, 4 cores, 8G, Darwin 19.2.0
Time: Sun May 17 14:04:19 2020 EDT elapsed time: 3 seconds (0d 0h 0m 3s)

---------------  T H R E A D  ---------------

Current thread (0x00007ffdfe806800):  JavaThread "main" [_thread_in_native, id=5635, stack(0x000070000bdd0000,0x000070000bed0000)]

Stack: [0x000070000bdd0000,0x000070000bed0000],  sp=0x000070000bece780,  free space=1017k
Native frames: (J=compiled Java code, A=aot compiled Java code, j=interpreted, Vv=VM code, C=native code)
C  [libtesseract.4.dylib+0x17a6b]  tesseract::Tesseract::recog_all_words(PAGE_RES*, ETEXT_DESC*, TBOX const*, char const*, int)+0xaf
C  [libtesseract.4.dylib+0x4647]  tesseract::TessBaseAPI::Recognize(ETEXT_DESC*)+0x379
C  [libtesseract.4.dylib+0x35e5]  tesseract::TessBaseAPI::GetUTF8Text()+0x2b
C  [jna13803432657531700091.tmp+0xde74]  ffi_call_unix64+0x4c

Java frames: (J=compiled Java code, j=interpreted, Vv=VM code)
j  com.sun.jna.Native.invokePointer(Lcom/sun/jna/Function;JI[Ljava/lang/Object;)J+0
j  com.sun.jna.Function.invokePointer(I[Ljava/lang/Object;)Lcom/sun/jna/Pointer;+7
j  com.sun.jna.Function.invoke([Ljava/lang/Object;Ljava/lang/Class;ZI)Ljava/lang/Object;+385
j  com.sun.jna.Function.invoke(Ljava/lang/reflect/Method;[Ljava/lang/Class;Ljava/lang/Class;[Ljava/lang/Object;Ljava/util/Map;)Ljava/lang/Object;+271
j  com.sun.jna.Library$Handler.invoke(Ljava/lang/Object;Ljava/lang/reflect/Method;[Ljava/lang/Object;)Ljava/lang/Object;+390
j  com.sun.proxy.$Proxy0.TessBaseAPIGetUTF8Text(Lnet/sourceforge/tess4j/ITessAPI$TessBaseAPI;)Lcom/sun/jna/Pointer;+16
j  net.sourceforge.tess4j.Tesseract.getOCRText(Ljava/lang/String;I)Ljava/lang/String;+269
j  net.sourceforge.tess4j.Tesseract.doOCR(Ljavax/imageio/IIOImage;Ljava/lang/String;Ljava/awt/Rectangle;I)Ljava/lang/String;+18
j  net.sourceforge.tess4j.Tesseract.doOCR(Ljava/io/File;Ljava/awt/Rectangle;)Ljava/lang/String;+126
j  net.sourceforge.tess4j.Tesseract.doOCR(Ljava/io/File;)Ljava/lang/String;+3
j  com.boggle.BoggleBoardGenerator.main([Ljava/lang/String;)V+28
v  ~StubRoutines::call_stub

siginfo: si_signo: 11 (SIGSEGV), si_code: 1 (SEGV_MAPERR), si_addr: 0x000000000000000c

Register to memory mapping:

RAX=0x0 is NULL
RBX=0x00007ffdfdce1400 points into unknown readable memory: 00 00 00 00 00 00 00 00
RCX=0x0 is NULL
RDX=0x00007ffdfdcea9c0 points into unknown readable memory: a0 f0 17 00 fe 7f 00 00
RSP=0x000070000bece780 is pointing into the stack for thread: 0x00007ffdfe806800
RBP=0x000070000bece940 is pointing into the stack for thread: 0x00007ffdfe806800
RSI=0x0 is NULL
RDI=0x000070000bece838 is pointing into the stack for thread: 0x00007ffdfe806800
R8 =0x0 is NULL
R9 =0x0 is NULL
R10=0x00000000fffcffff is an unknown value
R11=0xfffffffffffbe220 is an unknown value
R12=0x0 is NULL
R13=0x00000001114b9000 points into unknown readable memory: 00 32 be 26 01 00 00 00
R14=0x0 is NULL
R15=0x0 is NULL


Registers:
RAX=0x0000000000000000, RBX=0x00007ffdfdce1400, RCX=0x0000000000000000, RDX=0x00007ffdfdcea9c0
RSP=0x000070000bece780, RBP=0x000070000bece940, RSI=0x0000000000000000, RDI=0x000070000bece838
R8 =0x0000000000000000, R9 =0x0000000000000000, R10=0x00000000fffcffff, R11=0xfffffffffffbe220
R12=0x0000000000000000, R13=0x00000001114b9000, R14=0x0000000000000000, R15=0x0000000000000000
RIP=0x0000000126a26a6b, EFLAGS=0x0000000000010246, ERR=0x0000000000000004
  TRAPNO=0x000000000000000e

Top of Stack: (sp=0x000070000bece780)
0x000070000bece780:   00007ffdfdf74330 00007ffdfdce1400
0x000070000bece790:   0000000000000000 0000000000000000
0x000070000bece7a0:   0000000000000000 00007ffe0012ef30
0x000070000bece7b0:   00007ffdfdcea9c0 00007ffdfdcd32b0
0x000070000bece7c0:   00007ffdfdc10c80 00007ffdfdcea9c0
0x000070000bece7d0:   00007ffdfdcd32b0 00007ffdfdce1408
0x000070000bece7e0:   00007ffdfdcd32b0 00007ffdfdcd32b0
0x000070000bece7f0:   00007ffdfdcd32b0 00007ffdfdcd32b0
0x000070000bece800:   00007ffdfd000000 00007ffdfdcd32d8
0x000070000bece810:   00007ffe0013e4f0 00007ffdfdcea9c0
0x000070000bece820:   00007ffe0017f0a0 00007ffdfdcea9c0
0x000070000bece830:   000070000b000000 00007ffdfdcea9e0
0x000070000bece840:   00007ffdfdc10c80 00007ffdfdca6d00
0x000070000bece850:   00007ffe00110210 00007ffe0012ef30
0x000070000bece860:   000070000b010000 00007ffdfdcea9e0
0x000070000bece870:   00007ffdfdcd7b60 00007ffe0012ef30
0x000070000bece880:   00007ffdfdcee380 00007ffe0012ef30
0x000070000bece890:   0000000000000000 00007ffdfdcea9e0
0x000070000bece8a0:   00007ffdfdcd3020 00007ffdfdc10c80
0x000070000bece8b0:   00007ffdfdca6d00 00007ffe0012ef30
0x000070000bece8c0:   000070000b010000 0000000126a119a5
0x000070000bece8d0:   00007ffdfdd8abb0 0000000126bc0754
0x000070000bece8e0:   00000001114b9150 00007ffdfdc9b820
0x000070000bece8f0:   00007ffdfdc9b820 00000001114b9000
0x000070000bece900:   0000000000000000 0000000000000000
0x000070000bece910:   00007ffdfdce1400 000070000bece901
0x000070000bece920:   00007ffdfdc9b820 00000001114b9000
0x000070000bece930:   00000000ffffffff 0000000000000000
0x000070000bece940:   000070000bece9b0 0000000126a13647
0x000070000bece950:   000070000bece970 0000000104b08027
0x000070000bece960:   000070000bece990 00007fff6e44e2ae
0x000070000bece970:   000070000bece990 0000000104b08041 

Instructions: (pc=0x0000000126a26a6b)
0x0000000126a26a4b:   e8 40 fa 11 00 41 83 bd 08 14 00 00 00 7e 0a 4c
0x0000000126a26a5b:   89 ef e8 e6 97 0b 00 eb 15 49 8b 85 b0 09 00 00
0x0000000126a26a6b:   80 78 0c 00 74 08 4c 89 ef e8 43 98 0b 00 41 83
0x0000000126a26a7b:   bd d8 44 02 00 00 7e 3e 31 db 49 8b 85 e0 44 02 

Stack slot to memory mapping:
stack at sp + 0 slots: 0x00007ffdfdf74330 points into unknown readable memory: e0 42 f7 fd fd 7f 00 00
stack at sp + 1 slots: 0x00007ffdfdce1400 points into unknown readable memory: 00 00 00 00 00 00 00 00
stack at sp + 2 slots: 0x0 is NULL
stack at sp + 3 slots: 0x0 is NULL
stack at sp + 4 slots: 0x0 is NULL
stack at sp + 5 slots: 0x00007ffe0012ef30 points into unknown readable memory: 80 e3 ce fd fd 7f 00 00
stack at sp + 6 slots: 0x00007ffdfdcea9c0 points into unknown readable memory: a0 f0 17 00 fe 7f 00 00
stack at sp + 7 slots: 0x00007ffdfdcd32b0 points into unknown readable memory: b0 32 cd fd fd 7f 00 00


---------------  P R O C E S S  ---------------

Threads class SMR info:
_java_thread_list=0x00007ffdfdf402d0, length=13, elements={
0x00007ffdfe806800, 0x00007ffdff01d800, 0x00007ffdfe010000, 0x00007ffdff01e800,
0x00007ffdff021800, 0x00007ffdfe8d1000, 0x00007ffdfe00b800, 0x00007ffdfe8c5000,
0x00007ffdfe878800, 0x00007ffdfe960000, 0x00007ffdfe966800, 0x00007ffdfe964800,
0x00007ffdfea3d800
}

Java Threads: ( => current thread )
=>0x00007ffdfe806800 JavaThread "main" [_thread_in_native, id=5635, stack(0x000070000bdd0000,0x000070000bed0000)]
  0x00007ffdff01d800 JavaThread "Reference Handler" daemon [_thread_blocked, id=18179, stack(0x000070000c4e5000,0x000070000c5e5000)]
  0x00007ffdfe010000 JavaThread "Finalizer" daemon [_thread_blocked, id=12547, stack(0x000070000c5e8000,0x000070000c6e8000)]
  0x00007ffdff01e800 JavaThread "Signal Dispatcher" daemon [_thread_blocked, id=16131, stack(0x000070000c7f1000,0x000070000c8f1000)]
  0x00007ffdff021800 JavaThread "C2 CompilerThread0" daemon [_thread_blocked, id=14595, stack(0x000070000c8f4000,0x000070000c9f4000)]
  0x00007ffdfe8d1000 JavaThread "C1 CompilerThread0" daemon [_thread_blocked, id=15107, stack(0x000070000c9f7000,0x000070000caf7000)]
  0x00007ffdfe00b800 JavaThread "Sweeper thread" daemon [_thread_blocked, id=22019, stack(0x000070000cafa000,0x000070000cbfa000)]
  0x00007ffdfe8c5000 JavaThread "JDWP Transport Listener: dt_socket" daemon [_thread_blocked, id=42755, stack(0x000070000cbfd000,0x000070000ccfd000)]
  0x00007ffdfe878800 JavaThread "JDWP Event Helper Thread" daemon [_thread_blocked, id=41987, stack(0x000070000cd00000,0x000070000ce00000)]
  0x00007ffdfe960000 JavaThread "JDWP Command Reader" daemon [_thread_in_native, id=41475, stack(0x000070000ce03000,0x000070000cf03000)]
  0x00007ffdfe966800 JavaThread "Service Thread" daemon [_thread_blocked, id=23043, stack(0x000070000cf06000,0x000070000d006000)]
  0x00007ffdfe964800 JavaThread "Common-Cleaner" daemon [_thread_blocked, id=23811, stack(0x000070000d10c000,0x000070000d20c000)]
  0x00007ffdfea3d800 JavaThread "Java2D Disposer" daemon [_thread_blocked, id=24583, stack(0x000070000d20f000,0x000070000d30f000)]

Other Threads:
  0x00007ffdfe8c6000 VMThread "VM Thread" [stack: 0x000070000c3e2000,0x000070000c4e2000] [id=18435]
  0x00007ffdff801000 WatcherThread [stack: 0x000070000d009000,0x000070000d109000] [id=23299]
  0x00007ffdfe807800 GCTaskThread "GC Thread#0" [stack: 0x000070000bed3000,0x000070000bfd3000] [id=20995]
  0x00007ffdff902800 GCTaskThread "GC Thread#1" [stack: 0x000070000d415000,0x000070000d515000] [id=39683]
  0x00007ffdff903000 GCTaskThread "GC Thread#2" [stack: 0x000070000d518000,0x000070000d618000] [id=25603]
  0x00007ffdfe832800 ConcurrentGCThread "G1 Main Marker" [stack: 0x000070000bfd6000,0x000070000c0d6000] [id=20483]
  0x00007ffdfe833800 ConcurrentGCThread "G1 Conc#0" [stack: 0x000070000c0d9000,0x000070000c1d9000] [id=19459]
  0x00007ffdff015800 ConcurrentGCThread "G1 Refine#0" [stack: 0x000070000c1dc000,0x000070000c2dc000] [id=19203]
  0x00007ffdfe86f800 ConcurrentGCThread "G1 Young RemSet Sampling" [stack: 0x000070000c2df000,0x000070000c3df000] [id=11523]

Threads with active compile tasks:

VM state:not at safepoint (normal execution)

VM Mutex/Monitor currently owned by a thread: None

Heap address: 0x0000000780000000, size: 2048 MB, Compressed Oops mode: Zero based, Oop shift amount: 3
Narrow klass base: 0x0000000800000000, Narrow klass shift: 0
Compressed class space size: 1073741824 Address: 0x0000000800000000

Heap:
 garbage-first heap   total 131072K, used 110568K [0x0000000780000000, 0x0000000800000000)
  region size 1024K, 2 young (2048K), 1 survivors (1024K)
 Metaspace       used 12666K, capacity 12909K, committed 13184K, reserved 1060864K
  class space    used 1197K, capacity 1306K, committed 1408K, reserved 1048576K
Heap Regions: E=young(eden), S=young(survivor), O=old, HS=humongous(starts), HC=humongous(continues), CS=collection set, F=free, A=archive, TAMS=top-at-mark-start (previous, next)
|   0|0x0000000780000000, 0x0000000780100000, 0x0000000780100000|100%|HS|  |TAMS 0x0000000780100000, 0x0000000780000000| Complete 
|   1|0x0000000780100000, 0x0000000780200000, 0x0000000780200000|100%|HC|  |TAMS 0x0000000780200000, 0x0000000780100000| Complete 
|   2|0x0000000780200000, 0x0000000780300000, 0x0000000780300000|100%|HC|  |TAMS 0x0000000780300000, 0x0000000780200000| Complete 
|   3|0x0000000780300000, 0x0000000780400000, 0x0000000780400000|100%|HC|  |TAMS 0x0000000780400000, 0x0000000780300000| Complete 
|   4|0x0000000780400000, 0x0000000780500000, 0x0000000780500000|100%|HC|  |TAMS 0x0000000780500000, 0x0000000780400000| Complete 
|   5|0x0000000780500000, 0x0000000780600000, 0x0000000780600000|100%|HC|  |TAMS 0x0000000780600000, 0x0000000780500000| Complete 
|   6|0x0000000780600000, 0x0000000780700000, 0x0000000780700000|100%|HC|  |TAMS 0x0000000780700000, 0x0000000780600000| Complete 
|   7|0x0000000780700000, 0x0000000780800000, 0x0000000780800000|100%|HC|  |TAMS 0x0000000780800000, 0x0000000780700000| Complete 
|   8|0x0000000780800000, 0x0000000780900000, 0x0000000780900000|100%|HC|  |TAMS 0x0000000780900000, 0x0000000780800000| Complete 
|   9|0x0000000780900000, 0x0000000780a00000, 0x0000000780a00000|100%|HC|  |TAMS 0x0000000780a00000, 0x0000000780900000| Complete 
|  10|0x0000000780a00000, 0x0000000780b00000, 0x0000000780b00000|100%|HC|  |TAMS 0x0000000780b00000, 0x0000000780a00000| Complete 
|  11|0x0000000780b00000, 0x0000000780c00000, 0x0000000780c00000|100%|HC|  |TAMS 0x0000000780c00000, 0x0000000780b00000| Complete 
|  12|0x0000000780c00000, 0x0000000780d00000, 0x0000000780d00000|100%|HC|  |TAMS 0x0000000780d00000, 0x0000000780c00000| Complete 
|  13|0x0000000780d00000, 0x0000000780e00000, 0x0000000780e00000|100%|HC|  |TAMS 0x0000000780e00000, 0x0000000780d00000| Complete 
|  14|0x0000000780e00000, 0x0000000780f00000, 0x0000000780f00000|100%|HC|  |TAMS 0x0000000780f00000, 0x0000000780e00000| Complete 
|  15|0x0000000780f00000, 0x0000000781000000, 0x0000000781000000|100%|HC|  |TAMS 0x0000000781000000, 0x0000000780f00000| Complete 
|  16|0x0000000781000000, 0x0000000781100000, 0x0000000781100000|100%|HC|  |TAMS 0x0000000781100000, 0x0000000781000000| Complete 
|  17|0x0000000781100000, 0x0000000781200000, 0x0000000781200000|100%|HC|  |TAMS 0x0000000781200000, 0x0000000781100000| Complete 
|  18|0x0000000781200000, 0x0000000781300000, 0x0000000781300000|100%|HC|  |TAMS 0x0000000781300000, 0x0000000781200000| Complete 
|  19|0x0000000781300000, 0x0000000781400000, 0x0000000781400000|100%|HC|  |TAMS 0x0000000781400000, 0x0000000781300000| Complete 
|  20|0x0000000781400000, 0x0000000781500000, 0x0000000781500000|100%|HC|  |TAMS 0x0000000781500000, 0x0000000781400000| Complete 
|  21|0x0000000781500000, 0x0000000781600000, 0x0000000781600000|100%|HC|  |TAMS 0x0000000781600000, 0x0000000781500000| Complete 
|  22|0x0000000781600000, 0x0000000781700000, 0x0000000781700000|100%|HC|  |TAMS 0x0000000781700000, 0x0000000781600000| Complete 
|  23|0x0000000781700000, 0x0000000781800000, 0x0000000781800000|100%|HC|  |TAMS 0x0000000781800000, 0x0000000781700000| Complete 
|  24|0x0000000781800000, 0x0000000781900000, 0x0000000781900000|100%|HC|  |TAMS 0x0000000781900000, 0x0000000781800000| Complete 
|  25|0x0000000781900000, 0x0000000781a00000, 0x0000000781a00000|100%|HC|  |TAMS 0x0000000781a00000, 0x0000000781900000| Complete 
|  26|0x0000000781a00000, 0x0000000781b00000, 0x0000000781b00000|100%|HC|  |TAMS 0x0000000781b00000, 0x0000000781a00000| Complete 
|  27|0x0000000781b00000, 0x0000000781c00000, 0x0000000781c00000|100%|HC|  |TAMS 0x0000000781c00000, 0x0000000781b00000| Complete 
|  28|0x0000000781c00000, 0x0000000781d00000, 0x0000000781d00000|100%|HC|  |TAMS 0x0000000781d00000, 0x0000000781c00000| Complete 
|  29|0x0000000781d00000, 0x0000000781e00000, 0x0000000781e00000|100%|HC|  |TAMS 0x0000000781e00000, 0x0000000781d00000| Complete 
|  30|0x0000000781e00000, 0x0000000781f00000, 0x0000000781f00000|100%|HC|  |TAMS 0x0000000781f00000, 0x0000000781e00000| Complete 
|  31|0x0000000781f00000, 0x0000000782000000, 0x0000000782000000|100%|HC|  |TAMS 0x0000000782000000, 0x0000000781f00000| Complete 
|  32|0x0000000782000000, 0x0000000782100000, 0x0000000782100000|100%|HC|  |TAMS 0x0000000782100000, 0x0000000782000000| Complete 
|  33|0x0000000782100000, 0x0000000782200000, 0x0000000782200000|100%|HC|  |TAMS 0x0000000782200000, 0x0000000782100000| Complete 
|  34|0x0000000782200000, 0x0000000782300000, 0x0000000782300000|100%|HC|  |TAMS 0x0000000782300000, 0x0000000782200000| Complete 
|  35|0x0000000782300000, 0x0000000782400000, 0x0000000782400000|100%| O|  |TAMS 0x0000000782400000, 0x0000000782300000| Untracked 
|  36|0x0000000782400000, 0x0000000782500000, 0x0000000782500000|100%| O|  |TAMS 0x0000000782500000, 0x0000000782400000| Untracked 
|  37|0x0000000782500000, 0x00000007825f5200, 0x0000000782600000| 95%| O|  |TAMS 0x00000007825f5200, 0x0000000782500000| Untracked 
|  38|0x0000000782600000, 0x0000000782700000, 0x0000000782700000|100%|HS|  |TAMS 0x0000000782700000, 0x0000000782600000| Complete 
|  39|0x0000000782700000, 0x0000000782800000, 0x0000000782800000|100%|HC|  |TAMS 0x0000000782800000, 0x0000000782700000| Complete 
|  40|0x0000000782800000, 0x0000000782900000, 0x0000000782900000|100%|HC|  |TAMS 0x0000000782900000, 0x0000000782800000| Complete 
|  41|0x0000000782900000, 0x0000000782a00000, 0x0000000782a00000|100%|HC|  |TAMS 0x0000000782a00000, 0x0000000782900000| Complete 
|  42|0x0000000782a00000, 0x0000000782b00000, 0x0000000782b00000|100%|HC|  |TAMS 0x0000000782b00000, 0x0000000782a00000| Complete 
|  43|0x0000000782b00000, 0x0000000782c00000, 0x0000000782c00000|100%|HC|  |TAMS 0x0000000782c00000, 0x0000000782b00000| Complete 
|  44|0x0000000782c00000, 0x0000000782d00000, 0x0000000782d00000|100%|HC|  |TAMS 0x0000000782d00000, 0x0000000782c00000| Complete 
|  45|0x0000000782d00000, 0x0000000782e00000, 0x0000000782e00000|100%|HC|  |TAMS 0x0000000782e00000, 0x0000000782d00000| Complete 
|  46|0x0000000782e00000, 0x0000000782f00000, 0x0000000782f00000|100%|HC|  |TAMS 0x0000000782f00000, 0x0000000782e00000| Complete 
|  47|0x0000000782f00000, 0x0000000783000000, 0x0000000783000000|100%|HC|  |TAMS 0x0000000783000000, 0x0000000782f00000| Complete 
|  48|0x0000000783000000, 0x0000000783100000, 0x0000000783100000|100%|HC|  |TAMS 0x0000000783100000, 0x0000000783000000| Complete 
|  49|0x0000000783100000, 0x0000000783200000, 0x0000000783200000|100%|HC|  |TAMS 0x0000000783200000, 0x0000000783100000| Complete 
|  50|0x0000000783200000, 0x0000000783300000, 0x0000000783300000|100%|HC|  |TAMS 0x0000000783300000, 0x0000000783200000| Complete 
|  51|0x0000000783300000, 0x0000000783400000, 0x0000000783400000|100%|HC|  |TAMS 0x0000000783400000, 0x0000000783300000| Complete 
|  52|0x0000000783400000, 0x0000000783500000, 0x0000000783500000|100%|HC|  |TAMS 0x0000000783500000, 0x0000000783400000| Complete 
|  53|0x0000000783500000, 0x0000000783600000, 0x0000000783600000|100%|HC|  |TAMS 0x0000000783600000, 0x0000000783500000| Complete 
|  54|0x0000000783600000, 0x0000000783700000, 0x0000000783700000|100%|HC|  |TAMS 0x0000000783700000, 0x0000000783600000| Complete 
|  55|0x0000000783700000, 0x0000000783800000, 0x0000000783800000|100%|HC|  |TAMS 0x0000000783800000, 0x0000000783700000| Complete 
|  56|0x0000000783800000, 0x0000000783900000, 0x0000000783900000|100%|HC|  |TAMS 0x0000000783900000, 0x0000000783800000| Complete 
|  57|0x0000000783900000, 0x0000000783a00000, 0x0000000783a00000|100%|HC|  |TAMS 0x0000000783a00000, 0x0000000783900000| Complete 
|  58|0x0000000783a00000, 0x0000000783b00000, 0x0000000783b00000|100%|HC|  |TAMS 0x0000000783b00000, 0x0000000783a00000| Complete 
|  59|0x0000000783b00000, 0x0000000783c00000, 0x0000000783c00000|100%|HC|  |TAMS 0x0000000783c00000, 0x0000000783b00000| Complete 
|  60|0x0000000783c00000, 0x0000000783d00000, 0x0000000783d00000|100%|HC|  |TAMS 0x0000000783d00000, 0x0000000783c00000| Complete 
|  61|0x0000000783d00000, 0x0000000783e00000, 0x0000000783e00000|100%|HC|  |TAMS 0x0000000783e00000, 0x0000000783d00000| Complete 
|  62|0x0000000783e00000, 0x0000000783f00000, 0x0000000783f00000|100%|HC|  |TAMS 0x0000000783f00000, 0x0000000783e00000| Complete 
|  63|0x0000000783f00000, 0x0000000784000000, 0x0000000784000000|100%|HC|  |TAMS 0x0000000784000000, 0x0000000783f00000| Complete 
|  64|0x0000000784000000, 0x0000000784100000, 0x0000000784100000|100%|HC|  |TAMS 0x0000000784100000, 0x0000000784000000| Complete 
|  65|0x0000000784100000, 0x0000000784200000, 0x0000000784200000|100%|HC|  |TAMS 0x0000000784200000, 0x0000000784100000| Complete 
|  66|0x0000000784200000, 0x0000000784300000, 0x0000000784300000|100%|HC|  |TAMS 0x0000000784300000, 0x0000000784200000| Complete 
|  67|0x0000000784300000, 0x0000000784400000, 0x0000000784400000|100%|HC|  |TAMS 0x0000000784400000, 0x0000000784300000| Complete 
|  68|0x0000000784400000, 0x0000000784500000, 0x0000000784500000|100%|HC|  |TAMS 0x0000000784500000, 0x0000000784400000| Complete 
|  69|0x0000000784500000, 0x0000000784600000, 0x0000000784600000|100%|HC|  |TAMS 0x0000000784600000, 0x0000000784500000| Complete 
|  70|0x0000000784600000, 0x0000000784700000, 0x0000000784700000|100%|HC|  |TAMS 0x0000000784700000, 0x0000000784600000| Complete 
|  71|0x0000000784700000, 0x0000000784800000, 0x0000000784800000|100%|HC|  |TAMS 0x0000000784800000, 0x0000000784700000| Complete 
|  72|0x0000000784800000, 0x0000000784900000, 0x0000000784900000|100%|HC|  |TAMS 0x0000000784900000, 0x0000000784800000| Complete 
|  73|0x0000000784900000, 0x0000000784a00000, 0x0000000784a00000|100%|HS|  |TAMS 0x0000000784900000, 0x0000000784900000| Complete 
|  74|0x0000000784a00000, 0x0000000784b00000, 0x0000000784b00000|100%|HC|  |TAMS 0x0000000784a00000, 0x0000000784a00000| Complete 
|  75|0x0000000784b00000, 0x0000000784c00000, 0x0000000784c00000|100%|HC|  |TAMS 0x0000000784b00000, 0x0000000784b00000| Complete 
|  76|0x0000000784c00000, 0x0000000784d00000, 0x0000000784d00000|100%|HC|  |TAMS 0x0000000784c00000, 0x0000000784c00000| Complete 
|  77|0x0000000784d00000, 0x0000000784e00000, 0x0000000784e00000|100%|HC|  |TAMS 0x0000000784d00000, 0x0000000784d00000| Complete 
|  78|0x0000000784e00000, 0x0000000784f00000, 0x0000000784f00000|100%|HC|  |TAMS 0x0000000784e00000, 0x0000000784e00000| Complete 
|  79|0x0000000784f00000, 0x0000000785000000, 0x0000000785000000|100%|HC|  |TAMS 0x0000000784f00000, 0x0000000784f00000| Complete 
|  80|0x0000000785000000, 0x0000000785100000, 0x0000000785100000|100%|HC|  |TAMS 0x0000000785000000, 0x0000000785000000| Complete 
|  81|0x0000000785100000, 0x0000000785200000, 0x0000000785200000|100%|HC|  |TAMS 0x0000000785100000, 0x0000000785100000| Complete 
|  82|0x0000000785200000, 0x0000000785300000, 0x0000000785300000|100%|HC|  |TAMS 0x0000000785200000, 0x0000000785200000| Complete 
|  83|0x0000000785300000, 0x0000000785400000, 0x0000000785400000|100%|HC|  |TAMS 0x0000000785300000, 0x0000000785300000| Complete 
|  84|0x0000000785400000, 0x0000000785500000, 0x0000000785500000|100%|HC|  |TAMS 0x0000000785400000, 0x0000000785400000| Complete 
|  85|0x0000000785500000, 0x0000000785600000, 0x0000000785600000|100%|HC|  |TAMS 0x0000000785500000, 0x0000000785500000| Complete 
|  86|0x0000000785600000, 0x0000000785700000, 0x0000000785700000|100%|HC|  |TAMS 0x0000000785600000, 0x0000000785600000| Complete 
|  87|0x0000000785700000, 0x0000000785800000, 0x0000000785800000|100%|HC|  |TAMS 0x0000000785700000, 0x0000000785700000| Complete 
|  88|0x0000000785800000, 0x0000000785900000, 0x0000000785900000|100%|HC|  |TAMS 0x0000000785800000, 0x0000000785800000| Complete 
|  89|0x0000000785900000, 0x0000000785a00000, 0x0000000785a00000|100%|HC|  |TAMS 0x0000000785900000, 0x0000000785900000| Complete 
|  90|0x0000000785a00000, 0x0000000785b00000, 0x0000000785b00000|100%|HC|  |TAMS 0x0000000785a00000, 0x0000000785a00000| Complete 
|  91|0x0000000785b00000, 0x0000000785c00000, 0x0000000785c00000|100%|HC|  |TAMS 0x0000000785b00000, 0x0000000785b00000| Complete 
|  92|0x0000000785c00000, 0x0000000785d00000, 0x0000000785d00000|100%|HC|  |TAMS 0x0000000785c00000, 0x0000000785c00000| Complete 
|  93|0x0000000785d00000, 0x0000000785e00000, 0x0000000785e00000|100%|HC|  |TAMS 0x0000000785d00000, 0x0000000785d00000| Complete 
|  94|0x0000000785e00000, 0x0000000785f00000, 0x0000000785f00000|100%|HC|  |TAMS 0x0000000785e00000, 0x0000000785e00000| Complete 
|  95|0x0000000785f00000, 0x0000000786000000, 0x0000000786000000|100%|HC|  |TAMS 0x0000000785f00000, 0x0000000785f00000| Complete 
|  96|0x0000000786000000, 0x0000000786100000, 0x0000000786100000|100%|HC|  |TAMS 0x0000000786000000, 0x0000000786000000| Complete 
|  97|0x0000000786100000, 0x0000000786200000, 0x0000000786200000|100%|HC|  |TAMS 0x0000000786100000, 0x0000000786100000| Complete 
|  98|0x0000000786200000, 0x0000000786300000, 0x0000000786300000|100%|HC|  |TAMS 0x0000000786200000, 0x0000000786200000| Complete 
|  99|0x0000000786300000, 0x0000000786400000, 0x0000000786400000|100%|HC|  |TAMS 0x0000000786300000, 0x0000000786300000| Complete 
| 100|0x0000000786400000, 0x0000000786500000, 0x0000000786500000|100%|HC|  |TAMS 0x0000000786400000, 0x0000000786400000| Complete 
| 101|0x0000000786500000, 0x0000000786600000, 0x0000000786600000|100%|HC|  |TAMS 0x0000000786500000, 0x0000000786500000| Complete 
| 102|0x0000000786600000, 0x0000000786700000, 0x0000000786700000|100%|HC|  |TAMS 0x0000000786600000, 0x0000000786600000| Complete 
| 103|0x0000000786700000, 0x0000000786800000, 0x0000000786800000|100%|HC|  |TAMS 0x0000000786700000, 0x0000000786700000| Complete 
| 104|0x0000000786800000, 0x0000000786900000, 0x0000000786900000|100%|HC|  |TAMS 0x0000000786800000, 0x0000000786800000| Complete 
| 105|0x0000000786900000, 0x0000000786a00000, 0x0000000786a00000|100%|HC|  |TAMS 0x0000000786900000, 0x0000000786900000| Complete 
| 106|0x0000000786a00000, 0x0000000786b00000, 0x0000000786b00000|100%|HC|  |TAMS 0x0000000786a00000, 0x0000000786a00000| Complete 
| 107|0x0000000786b00000, 0x0000000786c00000, 0x0000000786c00000|100%|HC|  |TAMS 0x0000000786b00000, 0x0000000786b00000| Complete 
| 108|0x0000000786c00000, 0x0000000786c00000, 0x0000000786d00000|  0%| F|  |TAMS 0x0000000786c00000, 0x0000000786c00000| Untracked 
| 109|0x0000000786d00000, 0x0000000786d00000, 0x0000000786e00000|  0%| F|  |TAMS 0x0000000786d00000, 0x0000000786d00000| Untracked 
| 110|0x0000000786e00000, 0x0000000786e00000, 0x0000000786f00000|  0%| F|  |TAMS 0x0000000786e00000, 0x0000000786e00000| Untracked 
| 111|0x0000000786f00000, 0x0000000786f00000, 0x0000000787000000|  0%| F|  |TAMS 0x0000000786f00000, 0x0000000786f00000| Untracked 
| 112|0x0000000787000000, 0x0000000787000000, 0x0000000787100000|  0%| F|  |TAMS 0x0000000787000000, 0x0000000787000000| Untracked 
| 113|0x0000000787100000, 0x0000000787100000, 0x0000000787200000|  0%| F|  |TAMS 0x0000000787100000, 0x0000000787100000| Untracked 
| 114|0x0000000787200000, 0x0000000787200000, 0x0000000787300000|  0%| F|  |TAMS 0x0000000787200000, 0x0000000787200000| Untracked 
| 115|0x0000000787300000, 0x0000000787300000, 0x0000000787400000|  0%| F|  |TAMS 0x0000000787300000, 0x0000000787300000| Untracked 
| 116|0x0000000787400000, 0x0000000787400000, 0x0000000787500000|  0%| F|  |TAMS 0x0000000787400000, 0x0000000787400000| Untracked 
| 117|0x0000000787500000, 0x0000000787500000, 0x0000000787600000|  0%| F|  |TAMS 0x0000000787500000, 0x0000000787500000| Untracked 
| 118|0x0000000787600000, 0x0000000787600000, 0x0000000787700000|  0%| F|  |TAMS 0x0000000787600000, 0x0000000787600000| Untracked 
| 119|0x0000000787700000, 0x0000000787700000, 0x0000000787800000|  0%| F|  |TAMS 0x0000000787700000, 0x0000000787700000| Untracked 
| 120|0x0000000787800000, 0x0000000787800000, 0x0000000787900000|  0%| F|  |TAMS 0x0000000787800000, 0x0000000787800000| Untracked 
| 121|0x0000000787900000, 0x0000000787900000, 0x0000000787a00000|  0%| F|  |TAMS 0x0000000787900000, 0x0000000787900000| Untracked 
| 122|0x0000000787a00000, 0x0000000787a00000, 0x0000000787b00000|  0%| F|  |TAMS 0x0000000787a00000, 0x0000000787a00000| Untracked 
| 123|0x0000000787b00000, 0x0000000787b00000, 0x0000000787c00000|  0%| F|  |TAMS 0x0000000787b00000, 0x0000000787b00000| Untracked 
| 124|0x0000000787c00000, 0x0000000787c00000, 0x0000000787d00000|  0%| F|  |TAMS 0x0000000787c00000, 0x0000000787c00000| Untracked 
| 125|0x0000000787d00000, 0x0000000787d00000, 0x0000000787e00000|  0%| F|  |TAMS 0x0000000787d00000, 0x0000000787d00000| Untracked 
| 126|0x0000000787e00000, 0x0000000787e051a8, 0x0000000787f00000|  1%| S|CS|TAMS 0x0000000787e00000, 0x0000000787e00000| Complete 
| 127|0x0000000787f00000, 0x0000000788000000, 0x0000000788000000|100%| E|  |TAMS 0x0000000787f00000, 0x0000000787f00000| Complete 

Card table byte_map: [0x000000010de22000,0x000000010e222000] _byte_map_base: 0x000000010a222000

Marking Bits (Prev, Next): (CMBitMap*) 0x00007ffdfe82a218, (CMBitMap*) 0x00007ffdfe82a250
 Prev Bits: [0x000000010e622000, 0x0000000110622000)
 Next Bits: [0x0000000120afa000, 0x0000000122afa000)

Polling page: 0x0000000103b4a000

Metaspace:

Usage:
  Non-class:     11.33 MB capacity,    11.20 MB ( 99%) used,   111.34 KB ( <1%) free+waste,    23.00 KB ( <1%) overhead. 
      Class:      1.28 MB capacity,     1.17 MB ( 92%) used,    97.91 KB (  7%) free+waste,    10.62 KB ( <1%) overhead. 
       Both:     12.61 MB capacity,    12.37 MB ( 98%) used,   209.24 KB (  2%) free+waste,    33.62 KB ( <1%) overhead. 

Virtual space:
  Non-class space:       12.00 MB reserved,      11.50 MB ( 96%) committed 
      Class space:        1.00 GB reserved,       1.38 MB ( <1%) committed 
             Both:        1.01 GB reserved,      12.88 MB (  1%) committed 

Chunk freelists:
   Non-Class:  6.12 KB
       Class:  768 bytes
        Both:  6.88 KB

CodeHeap 'non-profiled nmethods': size=120032Kb used=361Kb max_used=361Kb free=119670Kb
 bounds [0x00000001195c2000, 0x0000000119832000, 0x0000000120afa000]
CodeHeap 'profiled nmethods': size=120032Kb used=2068Kb max_used=2068Kb free=117963Kb
 bounds [0x000000011208a000, 0x00000001122fa000, 0x00000001195c2000]
CodeHeap 'non-nmethods': size=5696Kb used=1171Kb max_used=1192Kb free=4524Kb
 bounds [0x0000000111afa000, 0x0000000111d6a000, 0x000000011208a000]
 total_blobs=1693 nmethods=1042 adapters=345
 compilation: enabled
              stopped_count=0, restarted_count=0
 full_count=0

Compilation events (10 events):
Event: 2.377 Thread 0x00007ffdfe8d1000 nmethod 1037 0x000000011228e010 code [0x000000011228e220, 0x000000011228eaa8]
Event: 2.453 Thread 0x00007ffdff021800 nmethod 1038 0x0000000119618410 code [0x0000000119618620, 0x000000011961adb8]
Event: 2.453 Thread 0x00007ffdff021800 1039       4       sun.awt.image.SunWritableRaster::markDirty (8 bytes)
Event: 2.454 Thread 0x00007ffdff021800 nmethod 1039 0x000000011961ba90 code [0x000000011961bc20, 0x000000011961bd18]
Event: 2.463 Thread 0x00007ffdff021800 1040       4       sun.awt.image.ByteInterleavedRaster::setDataElements (15 bytes)
Event: 2.464 Thread 0x00007ffdff021800 nmethod 1040 0x000000011961bd90 code [0x000000011961bf40, 0x000000011961c048]
Event: 2.464 Thread 0x00007ffdff021800 1041       4       sun.awt.image.ByteInterleavedRaster::getDataElements (15 bytes)
Event: 2.467 Thread 0x00007ffdff021800 nmethod 1041 0x000000011961c190 code [0x000000011961c340, 0x000000011961c428]
Event: 2.615 Thread 0x00007ffdfe8d1000 1042       3       java.util.Collections$SetFromMap::add (22 bytes)
Event: 2.615 Thread 0x00007ffdfe8d1000 nmethod 1042 0x000000011228ec90 code [0x000000011228ee60, 0x000000011228f108]

GC Heap History (8 events):
Event: 1.874 GC heap before
{Heap before GC invocations=0 (full 0):
 garbage-first heap   total 131072K, used 50176K [0x0000000780000000, 0x0000000800000000)
  region size 1024K, 14 young (14336K), 0 survivors (0K)
 Metaspace       used 12440K, capacity 12685K, committed 12800K, reserved 1060864K
  class space    used 1184K, capacity 1274K, committed 1280K, reserved 1048576K
}
Event: 1.882 GC heap after
{Heap after GC invocations=1 (full 0):
 garbage-first heap   total 131072K, used 38791K [0x0000000780000000, 0x0000000800000000)
  region size 1024K, 2 young (2048K), 2 survivors (2048K)
 Metaspace       used 12440K, capacity 12685K, committed 12800K, reserved 1060864K
  class space    used 1184K, capacity 1274K, committed 1280K, reserved 1048576K
}
Event: 2.015 GC heap before
{Heap before GC invocations=1 (full 0):
 garbage-first heap   total 131072K, used 50055K [0x0000000780000000, 0x0000000800000000)
  region size 1024K, 13 young (13312K), 2 survivors (2048K)
 Metaspace       used 12493K, capacity 12685K, committed 12800K, reserved 1060864K
  class space    used 1184K, capacity 1274K, committed 1280K, reserved 1048576K
}
Event: 2.019 GC heap after
{Heap after GC invocations=2 (full 0):
 garbage-first heap   total 131072K, used 39061K [0x0000000780000000, 0x0000000800000000)
  region size 1024K, 1 young (1024K), 1 survivors (1024K)
 Metaspace       used 12493K, capacity 12685K, committed 12800K, reserved 1060864K
  class space    used 1184K, capacity 1274K, committed 1280K, reserved 1048576K
}
Event: 2.349 GC heap before
{Heap before GC invocations=2 (full 0):
 garbage-first heap   total 131072K, used 65685K [0x0000000780000000, 0x0000000800000000)
  region size 1024K, 28 young (28672K), 1 survivors (1024K)
 Metaspace       used 12649K, capacity 12909K, committed 13184K, reserved 1060864K
  class space    used 1195K, capacity 1306K, committed 1408K, reserved 1048576K
}
Event: 2.350 GC heap after
{Heap after GC invocations=3 (full 0):
 garbage-first heap   total 131072K, used 38940K [0x0000000780000000, 0x0000000800000000)
  region size 1024K, 1 young (1024K), 1 survivors (1024K)
 Metaspace       used 12649K, capacity 12909K, committed 13184K, reserved 1060864K
  class space    used 1195K, capacity 1306K, committed 1408K, reserved 1048576K
}
Event: 2.487 GC heap before
{Heap before GC invocations=4 (full 0):
 garbage-first heap   total 131072K, used 74780K [0x0000000780000000, 0x0000000800000000)
  region size 1024K, 2 young (2048K), 1 survivors (1024K)
 Metaspace       used 12650K, capacity 12909K, committed 13184K, reserved 1060864K
  class space    used 1195K, capacity 1306K, committed 1408K, reserved 1048576K
}
Event: 2.488 GC heap after
{Heap after GC invocations=5 (full 0):
 garbage-first heap   total 131072K, used 74728K [0x0000000780000000, 0x0000000800000000)
  region size 1024K, 1 young (1024K), 1 survivors (1024K)
 Metaspace       used 12650K, capacity 12909K, committed 13184K, reserved 1060864K
  class space    used 1195K, capacity 1306K, committed 1408K, reserved 1048576K
}

Deoptimization events (4 events):
Event: 0.268 Thread 0x00007ffdfe806800 Uncommon trap: reason=unstable_if action=reinterpret pc=0x00000001195c7524 method=java.lang.String.hashCode()I @ 14 c2
Event: 0.909 Thread 0x00007ffdfe806800 Uncommon trap: reason=unstable_if action=reinterpret pc=0x00000001195c3174 method=java.lang.String.isLatin1()Z @ 10 c2
Event: 2.319 Thread 0x00007ffdfe806800 Uncommon trap: reason=unstable_if action=reinterpret pc=0x0000000119600964 method=com.sun.imageio.plugins.jpeg.JPEGBuffer.loadBuf(I)V @ 43 c2
Event: 2.349 Thread 0x00007ffdfe806800 Uncommon trap: reason=unstable_if action=reinterpret pc=0x0000000119612894 method=java.lang.Integer.equals(Ljava/lang/Object;)Z @ 18 c2

Classes redefined (0 events):
No events

Internal exceptions (10 events):
Event: 0.968 Thread 0x00007ffdfe806800 Exception <a 'java/lang/ClassNotFoundException'{0x00000007879d3390}: sun/awt/resources/spi/awtProvider> (0x00000007879d3390) thrown at [/scratch/mesos/slaves/07fc96ef-bf4d-487f-b22f-a84e49f5f44a-S15534/frameworks/1735e8a2-a1db-478c-8104-60c8b0af87dd-0196/
Event: 1.019 Thread 0x00007ffdfe806800 Exception <a 'java/io/FileNotFoundException'{0x00000007878450a0}> (0x00000007878450a0) thrown at [/scratch/mesos/slaves/07fc96ef-bf4d-487f-b22f-a84e49f5f44a-S15534/frameworks/1735e8a2-a1db-478c-8104-60c8b0af87dd-0196/executors/2de9a231-452d-4727-8e0d-602c
Event: 1.031 Thread 0x00007ffdfe806800 Exception <a 'java/lang/NoSuchMethodError'{0x00000007878a0338}: java.lang.invoke.DirectMethodHandle$Holder.invokeStatic(Ljava/lang/Object;Ljava/lang/Object;Ljava/lang/Object;Ljava/lang/Object;Ljava/lang/Object;Ljava/lang/Object;Ljava/lang/Object;Ljava/lan
Event: 1.035 Thread 0x00007ffdfe806800 Exception <a 'java/lang/NoSuchMethodError'{0x00000007878ae0a8}: java.lang.invoke.DirectMethodHandle$Holder.invokeStatic(Ljava/lang/Object;Ljava/lang/Object;Ljava/lang/Object;Ljava/lang/Object;Ljava/lang/Object;Ljava/lang/Object;Ljava/lang/Object;Ljava/lan
Event: 1.038 Thread 0x00007ffdfe806800 Exception <a 'java/lang/NoSuchMethodError'{0x00000007878bc098}: java.lang.invoke.DirectMethodHandle$Holder.invokeSpecial(Ljava/lang/Object;Ljava/lang/Object;IILjava/lang/Object;Ljava/lang/Object;Ljava/lang/Object;)Ljava/lang/Object;> (0x00000007878bc098) 
Event: 1.038 Thread 0x00007ffdfe806800 Exception <a 'java/lang/NoSuchMethodError'{0x00000007878bf620}: java.lang.invoke.DelegatingMethodHandle$Holder.reinvoke_L(Ljava/lang/Object;IILjava/lang/Object;Ljava/lang/Object;Ljava/lang/Object;)Ljava/lang/Object;> (0x00000007878bf620) thrown at [/scrat
Event: 1.039 Thread 0x00007ffdfe806800 Exception <a 'java/lang/NoSuchMethodError'{0x00000007878c39a8}: java.lang.invoke.DirectMethodHandle$Holder.invokeStatic(Ljava/lang/Object;Ljava/lang/Object;Ljava/lang/Object;Ljava/lang/Object;I)Ljava/lang/Object;> (0x00000007878c39a8) thrown at [/scratch/
Event: 1.053 Thread 0x00007ffdfe806800 Exception <a 'java/io/FileNotFoundException'{0x0000000787726c88}> (0x0000000787726c88) thrown at [/scratch/mesos/slaves/07fc96ef-bf4d-487f-b22f-a84e49f5f44a-S15534/frameworks/1735e8a2-a1db-478c-8104-60c8b0af87dd-0196/executors/2de9a231-452d-4727-8e0d-602c
Event: 1.262 Thread 0x00007ffdfe806800 Exception <a 'java/lang/NoSuchMethodError'{0x00000007875a42b8}: java.lang.invoke.DirectMethodHandle$Holder.invokeSpecial(Ljava/lang/Object;Ljava/lang/Object;Ljava/lang/Object;ILjava/lang/Object;)Ljava/lang/Object;> (0x00000007875a42b8) thrown at [/scratch
Event: 1.263 Thread 0x00007ffdfe806800 Exception <a 'java/lang/NoSuchMethodError'{0x00000007875ae258}: java.lang.invoke.Invokers$Holder.linkToTargetMethod(Ljava/lang/Object;ILjava/lang/Object;Ljava/lang/Object;)Ljava/lang/Object;> (0x00000007875ae258) thrown at [/scratch/mesos/slaves/07fc96ef-

Events (10 events):
Event: 2.514 Executing VM operation: RevokeBias
Event: 2.514 Executing VM operation: RevokeBias done
Event: 2.519 Executing VM operation: CGC_Operation
Event: 2.519 Executing VM operation: CGC_Operation done
Event: 2.604 loading class java/nio/DirectByteBuffer$Deallocator
Event: 2.604 loading class java/nio/DirectByteBuffer$Deallocator done
Event: 2.614 loading class java/lang/StrictMath
Event: 2.614 loading class java/lang/StrictMath done
Event: 2.615 loading class com/sun/jna/Native$Buffers
Event: 2.615 loading class com/sun/jna/Native$Buffers done


Dynamic libraries:
0x00007fff35c42000 	/System/Library/Frameworks/Cocoa.framework/Versions/A/Cocoa
0x00007fff4320e000 	/System/Library/Frameworks/Security.framework/Versions/A/Security
0x00007fff34bcd000 	/System/Library/Frameworks/ApplicationServices.framework/Versions/A/ApplicationServices
0x00007fff6d5f3000 	/usr/lib/libz.1.dylib
0x00007fff6b0c6000 	/usr/lib/libSystem.B.dylib
0x00007fff36bb8000 	/System/Library/Frameworks/CoreFoundation.framework/Versions/A/CoreFoundation
0x00007fff3927d000 	/System/Library/Frameworks/Foundation.framework/Versions/C/Foundation
0x00007fff6cf17000 	/usr/lib/libobjc.A.dylib
0x00007fff33dc2000 	/System/Library/Frameworks/AppKit.framework/Versions/C/AppKit
0x00007fff366c5000 	/System/Library/Frameworks/CoreData.framework/Versions/A/CoreData
0x00007fff67971000 	/System/Library/PrivateFrameworks/UIFoundation.framework/Versions/A/UIFoundation
0x00007fff6215c000 	/System/Library/PrivateFrameworks/RemoteViewServices.framework/Versions/A/RemoteViewServices
0x00007fff6a401000 	/System/Library/PrivateFrameworks/XCTTargetBootstrap.framework/Versions/A/XCTTargetBootstrap
0x00007fff36aa8000 	/System/Library/Frameworks/CoreDisplay.framework/Versions/A/CoreDisplay
0x00007fff3bff5000 	/System/Library/Frameworks/Metal.framework/Versions/A/Metal
0x00007fff5057d000 	/System/Library/PrivateFrameworks/DesktopServicesPriv.framework/Versions/A/DesktopServicesPriv
0x00007fff6c1fc000 	/usr/lib/liblangid.dylib
0x00007fff4f6d4000 	/System/Library/PrivateFrameworks/CoreSVG.framework/Versions/A/CoreSVG
0x00007fff64f1e000 	/System/Library/PrivateFrameworks/SkyLight.framework/Versions/A/SkyLight
0x00007fff3703a000 	/System/Library/Frameworks/CoreGraphics.framework/Versions/A/CoreGraphics
0x00007fff32961000 	/System/Library/Frameworks/Accelerate.framework/Versions/A/Accelerate
0x00007fff6d4e4000 	/usr/lib/libxml2.2.dylib
0x00007fff5b29b000 	/System/Library/PrivateFrameworks/IconServices.framework/Versions/A/IconServices
0x00007fff39a61000 	/System/Library/Frameworks/IOSurface.framework/Versions/A/IOSurface
0x00007fff6abfe000 	/usr/lib/libDiagnosticMessagesClient.dylib
0x00007fff503f6000 	/System/Library/PrivateFrameworks/DFRFoundation.framework/Versions/A/DFRFoundation
0x00007fff6bf8a000 	/usr/lib/libicucore.A.dylib
0x00007fff34eff000 	/System/Library/Frameworks/AudioToolbox.framework/Versions/A/AudioToolbox
0x00007fff34fe1000 	/System/Library/Frameworks/AudioUnit.framework/Versions/A/AudioUnit
0x00007fff6b2c7000 	/usr/lib/libauto.dylib
0x00007fff50477000 	/System/Library/PrivateFrameworks/DataDetectorsCore.framework/Versions/A/DataDetectorsCore
0x00007fff35762000 	/System/Library/Frameworks/Carbon.framework/Versions/A/Frameworks/HIToolbox.framework/Versions/A/HIToolbox
0x00007fff42440000 	/System/Library/Frameworks/QuartzCore.framework/Versions/A/QuartzCore
0x00007fff35aa1000 	/System/Library/Frameworks/Carbon.framework/Versions/A/Frameworks/SpeechRecognition.framework/Versions/A/SpeechRecognition
0x00007fff4fd7c000 	/System/Library/PrivateFrameworks/CoreUI.framework/Versions/A/CoreUI
0x00007fff3612b000 	/System/Library/Frameworks/CoreAudio.framework/Versions/A/CoreAudio
0x00007fff38f45000 	/System/Library/Frameworks/DiskArbitration.framework/Versions/A/DiskArbitration
0x00007fff5d2af000 	/System/Library/PrivateFrameworks/MultitouchSupport.framework/Versions/A/MultitouchSupport
0x00007fff6be50000 	/usr/lib/libenergytrace.dylib
0x00007fff399bc000 	/System/Library/Frameworks/IOKit.framework/Versions/A/IOKit
0x00007fff37fa8000 	/System/Library/Frameworks/CoreServices.framework/Versions/A/CoreServices
0x00007fff5f3b9000 	/System/Library/PrivateFrameworks/PerformanceAnalysis.framework/Versions/A/PerformanceAnalysis
0x00007fff41476000 	/System/Library/Frameworks/OpenGL.framework/Versions/A/OpenGL
0x00007fff35c50000 	/System/Library/Frameworks/ColorSync.framework/Versions/A/ColorSync
0x00007fff376c1000 	/System/Library/Frameworks/CoreImage.framework/Versions/A/CoreImage
0x00007fff38a1e000 	/System/Library/Frameworks/CoreText.framework/Versions/A/CoreText
0x00007fff39ae7000 	/System/Library/Frameworks/ImageIO.framework/Versions/A/ImageIO
0x00007fff6b3ac000 	/usr/lib/libc++.1.dylib
0x00007fff6b428000 	/usr/lib/libcompression.dylib
0x00007fff6af40000 	/usr/lib/libMobileGestalt.dylib
0x00007fff66a53000 	/System/Library/PrivateFrameworks/TextureIO.framework/Versions/A/TextureIO
0x00007fff6b22d000 	/usr/lib/libate.dylib
0x00007fff5b4a4000 	/System/Library/PrivateFrameworks/InternationalSupport.framework/Versions/A/InternationalSupport
0x00007fff6e069000 	/usr/lib/system/libcache.dylib
0x00007fff6e06f000 	/usr/lib/system/libcommonCrypto.dylib
0x00007fff6e07b000 	/usr/lib/system/libcompiler_rt.dylib
0x00007fff6e083000 	/usr/lib/system/libcopyfile.dylib
0x00007fff6e08d000 	/usr/lib/system/libcorecrypto.dylib
0x00007fff6e23b000 	/usr/lib/system/libdispatch.dylib
0x00007fff6e27d000 	/usr/lib/system/libdyld.dylib
0x00007fff6e2b3000 	/usr/lib/system/libkeymgr.dylib
0x00007fff6e2c1000 	/usr/lib/system/liblaunch.dylib
0x00007fff6e2c2000 	/usr/lib/system/libmacho.dylib
0x00007fff6e2c8000 	/usr/lib/system/libquarantine.dylib
0x00007fff6e2cb000 	/usr/lib/system/libremovefile.dylib
0x00007fff6e2cd000 	/usr/lib/system/libsystem_asl.dylib
0x00007fff6e2e5000 	/usr/lib/system/libsystem_blocks.dylib
0x00007fff6e2e6000 	/usr/lib/system/libsystem_c.dylib
0x00007fff6e36e000 	/usr/lib/system/libsystem_configuration.dylib
0x00007fff6e372000 	/usr/lib/system/libsystem_coreservices.dylib
0x00007fff6e376000 	/usr/lib/system/libsystem_darwin.dylib
0x00007fff6e37f000 	/usr/lib/system/libsystem_dnssd.dylib
0x00007fff6e387000 	/usr/lib/system/libsystem_featureflags.dylib
0x00007fff6e389000 	/usr/lib/system/libsystem_info.dylib
0x00007fff6e404000 	/usr/lib/system/libsystem_m.dylib
0x00007fff6e44c000 	/usr/lib/system/libsystem_malloc.dylib
0x00007fff6e474000 	/usr/lib/system/libsystem_networkextension.dylib
0x00007fff6e482000 	/usr/lib/system/libsystem_notify.dylib
0x00007fff6e4a1000 	/usr/lib/system/libsystem_sandbox.dylib
0x00007fff6e4a6000 	/usr/lib/system/libsystem_secinit.dylib
0x00007fff6e3d7000 	/usr/lib/system/libsystem_kernel.dylib
0x00007fff6e48c000 	/usr/lib/system/libsystem_platform.dylib
0x00007fff6e496000 	/usr/lib/system/libsystem_pthread.dylib
0x00007fff6e4a9000 	/usr/lib/system/libsystem_symptoms.dylib
0x00007fff6e4b1000 	/usr/lib/system/libsystem_trace.dylib
0x00007fff6e4c9000 	/usr/lib/system/libunwind.dylib
0x00007fff6e4cf000 	/usr/lib/system/libxpc.dylib
0x00007fff6b400000 	/usr/lib/libc++abi.dylib
0x00007fff6c1fe000 	/usr/lib/liblzma.5.dylib
0x00007fff6be78000 	/usr/lib/libfakelink.dylib
0x00007fff6b1ba000 	/usr/lib/libarchive.2.dylib
0x00007fff443ae000 	/System/Library/Frameworks/SystemConfiguration.framework/Versions/A/SystemConfiguration
0x00007fff6ab2f000 	/usr/lib/libCRFSuite.dylib
0x00007fff35357000 	/System/Library/Frameworks/CFNetwork.framework/Versions/A/CFNetwork
0x00007fff6b38e000 	/usr/lib/libbsm.0.dylib
0x00007fff6e2b4000 	/usr/lib/system/libkxld.dylib
0x00007fff49eb8000 	/System/Library/PrivateFrameworks/AppleFSCompression.framework/Versions/A/AppleFSCompression
0x00007fff6b70f000 	/usr/lib/libcoretls.dylib
0x00007fff6b726000 	/usr/lib/libcoretls_cfhelpers.dylib
0x00007fff6cf5b000 	/usr/lib/libpam.2.dylib
0x00007fff6d08e000 	/usr/lib/libsqlite3.dylib
0x00007fff6d4d1000 	/usr/lib/libxar.1.dylib
0x00007fff6b39f000 	/usr/lib/libbz2.1.0.dylib
0x00007fff6be99000 	/usr/lib/libiconv.2.dylib
0x00007fff6b415000 	/usr/lib/libcharset.1.dylib
0x00007fff6ca02000 	/usr/lib/libnetwork.dylib
0x00007fff6cf62000 	/usr/lib/libpcap.A.dylib
0x00007fff6b16f000 	/usr/lib/libapple_nghttp2.dylib
0x00007fff3835f000 	/System/Library/Frameworks/CoreServices.framework/Versions/A/Frameworks/FSEvents.framework/Versions/A/FSEvents
0x00007fff3802f000 	/System/Library/Frameworks/CoreServices.framework/Versions/A/Frameworks/CarbonCore.framework/Versions/A/CarbonCore
0x00007fff385a2000 	/System/Library/Frameworks/CoreServices.framework/Versions/A/Frameworks/Metadata.framework/Versions/A/Metadata
0x00007fff3863b000 	/System/Library/Frameworks/CoreServices.framework/Versions/A/Frameworks/OSServices.framework/Versions/A/OSServices
0x00007fff38669000 	/System/Library/Frameworks/CoreServices.framework/Versions/A/Frameworks/SearchKit.framework/Versions/A/SearchKit
0x00007fff37fa9000 	/System/Library/Frameworks/CoreServices.framework/Versions/A/Frameworks/AE.framework/Versions/A/AE
0x00007fff38368000 	/System/Library/Frameworks/CoreServices.framework/Versions/A/Frameworks/LaunchServices.framework/Versions/A/LaunchServices
0x00007fff38311000 	/System/Library/Frameworks/CoreServices.framework/Versions/A/Frameworks/DictionaryServices.framework/Versions/A/DictionaryServices
0x00007fff386d1000 	/System/Library/Frameworks/CoreServices.framework/Versions/A/Frameworks/SharedFileList.framework/Versions/A/SharedFileList
0x00007fff3d2ca000 	/System/Library/Frameworks/NetFS.framework/Versions/A/NetFS
0x00007fff5d7dc000 	/System/Library/PrivateFrameworks/NetAuth.framework/Versions/A/NetAuth
0x00007fff6a7cc000 	/System/Library/PrivateFrameworks/login.framework/Versions/A/Frameworks/loginsupport.framework/Versions/A/loginsupport
0x00007fff6654e000 	/System/Library/PrivateFrameworks/TCC.framework/Versions/A/TCC
0x00007fff4eaa3000 	/System/Library/PrivateFrameworks/CoreNLP.framework/Versions/A/CoreNLP
0x00007fff5ccdf000 	/System/Library/PrivateFrameworks/MetadataUtilities.framework/Versions/A/MetadataUtilities
0x00007fff6c2d6000 	/usr/lib/libmecabra.dylib
0x00007fff6c22e000 	/usr/lib/libmecab.dylib
0x00007fff6be89000 	/usr/lib/libgermantok.dylib
0x00007fff6b156000 	/usr/lib/libThaiTokenizer.dylib
0x00007fff6ab67000 	/usr/lib/libChineseTokenizer.dylib
0x00007fff32979000 	/System/Library/Frameworks/Accelerate.framework/Versions/A/Frameworks/vImage.framework/Versions/A/vImage
0x00007fff33c1c000 	/System/Library/Frameworks/Accelerate.framework/Versions/A/Frameworks/vecLib.framework/Versions/A/vecLib
0x00007fff33b60000 	/System/Library/Frameworks/Accelerate.framework/Versions/A/Frameworks/vecLib.framework/Versions/A/libvMisc.dylib
0x00007fff33986000 	/System/Library/Frameworks/Accelerate.framework/Versions/A/Frameworks/vecLib.framework/Versions/A/libvDSP.dylib
0x00007fff32fe5000 	/System/Library/Frameworks/Accelerate.framework/Versions/A/Frameworks/vecLib.framework/Versions/A/libBLAS.dylib
0x00007fff33540000 	/System/Library/Frameworks/Accelerate.framework/Versions/A/Frameworks/vecLib.framework/Versions/A/libLAPACK.dylib
0x00007fff338e6000 	/System/Library/Frameworks/Accelerate.framework/Versions/A/Frameworks/vecLib.framework/Versions/A/libLinearAlgebra.dylib
0x00007fff33973000 	/System/Library/Frameworks/Accelerate.framework/Versions/A/Frameworks/vecLib.framework/Versions/A/libSparseBLAS.dylib
0x00007fff338fc000 	/System/Library/Frameworks/Accelerate.framework/Versions/A/Frameworks/vecLib.framework/Versions/A/libQuadrature.dylib
0x00007fff3324f000 	/System/Library/Frameworks/Accelerate.framework/Versions/A/Frameworks/vecLib.framework/Versions/A/libBNNS.dylib
0x00007fff33902000 	/System/Library/Frameworks/Accelerate.framework/Versions/A/Frameworks/vecLib.framework/Versions/A/libSparse.dylib
0x00007fff5b863000 	/System/Library/PrivateFrameworks/LanguageModeling.framework/Versions/A/LanguageModeling
0x00007fff4e43f000 	/System/Library/PrivateFrameworks/CoreEmoji.framework/Versions/A/CoreEmoji
0x00007fff5b981000 	/System/Library/PrivateFrameworks/LinguisticData.framework/Versions/A/LinguisticData
0x00007fff5b932000 	/System/Library/PrivateFrameworks/Lexicon.framework/Versions/A/Lexicon
0x00007fff6b416000 	/usr/lib/libcmph.dylib
0x00007fff3fe9c000 	/System/Library/Frameworks/OpenDirectory.framework/Versions/A/Frameworks/CFOpenDirectory.framework/Versions/A/CFOpenDirectory
0x00007fff3feb9000 	/System/Library/Frameworks/OpenDirectory.framework/Versions/A/OpenDirectory
0x00007fff48187000 	/System/Library/PrivateFrameworks/APFS.framework/Versions/A/APFS
0x00007fff43561000 	/System/Library/Frameworks/SecurityFoundation.framework/Versions/A/SecurityFoundation
0x00007fff6d4cd000 	/usr/lib/libutil.dylib
0x00007fff4f72c000 	/System/Library/PrivateFrameworks/CoreServicesStore.framework/Versions/A/CoreServicesStore
0x00007fff43619000 	/System/Library/Frameworks/ServiceManagement.framework/Versions/A/ServiceManagement
0x00007fff4b66f000 	/System/Library/PrivateFrameworks/BackgroundTaskManagement.framework/Versions/A/BackgroundTaskManagement
0x00007fff6d5ca000 	/usr/lib/libxslt.1.dylib
0x00007fff4a51d000 	/System/Library/PrivateFrameworks/AppleSystemInfo.framework/Versions/A/AppleSystemInfo
0x00007fff39d04000 	/System/Library/Frameworks/ImageIO.framework/Versions/A/Resources/libJPEG.dylib
0x00007fff39fc3000 	/System/Library/Frameworks/ImageIO.framework/Versions/A/Resources/libTIFF.dylib
0x00007fff39fa6000 	/System/Library/Frameworks/ImageIO.framework/Versions/A/Resources/libPng.dylib
0x00007fff39c45000 	/System/Library/Frameworks/ImageIO.framework/Versions/A/Resources/libGIF.dylib
0x00007fff39c49000 	/System/Library/Frameworks/ImageIO.framework/Versions/A/Resources/libJP2.dylib
0x00007fff39fc1000 	/System/Library/Frameworks/ImageIO.framework/Versions/A/Resources/libRadiance.dylib
0x00007fff6be51000 	/usr/lib/libexpat.1.dylib
0x00007fff4a013000 	/System/Library/PrivateFrameworks/AppleJPEG.framework/Versions/A/AppleJPEG
0x00007fff52999000 	/System/Library/PrivateFrameworks/FontServices.framework/libFontParser.dylib
0x00007fff69823000 	/System/Library/PrivateFrameworks/WatchdogClient.framework/Versions/A/WatchdogClient
0x00007fff5aef0000 	/System/Library/PrivateFrameworks/IOAccelerator.framework/Versions/A/IOAccelerator
0x00007fff3c383000 	/System/Library/Frameworks/MetalPerformanceShaders.framework/Versions/A/MetalPerformanceShaders
0x00007fff576e7000 	/System/Library/PrivateFrameworks/GPUWrangler.framework/Versions/A/GPUWrangler
0x00007fff5aefb000 	/System/Library/PrivateFrameworks/IOPresentment.framework/Versions/A/IOPresentment
0x00007fff50409000 	/System/Library/PrivateFrameworks/DSExternalDisplay.framework/Versions/A/DSExternalDisplay
0x00007fff40822000 	/System/Library/Frameworks/OpenGL.framework/Versions/A/Libraries/libCoreFSCache.dylib
0x00007fff3c0d5000 	/System/Library/Frameworks/MetalPerformanceShaders.framework/Frameworks/MPSCore.framework/Versions/A/MPSCore
0x00007fff3c112000 	/System/Library/Frameworks/MetalPerformanceShaders.framework/Frameworks/MPSImage.framework/Versions/A/MPSImage
0x00007fff3c1d4000 	/System/Library/Frameworks/MetalPerformanceShaders.framework/Frameworks/MPSNeuralNetwork.framework/Versions/A/MPSNeuralNetwork
0x00007fff3c199000 	/System/Library/Frameworks/MetalPerformanceShaders.framework/Frameworks/MPSMatrix.framework/Versions/A/MPSMatrix
0x00007fff3c334000 	/System/Library/Frameworks/MetalPerformanceShaders.framework/Frameworks/MPSRayIntersector.framework/Versions/A/MPSRayIntersector
0x00007fff3c1be000 	/System/Library/Frameworks/MetalPerformanceShaders.framework/Frameworks/MPSNDArray.framework/Versions/A/MPSNDArray
0x00007fff5cd2c000 	/System/Library/PrivateFrameworks/MetalTools.framework/Versions/A/MetalTools
0x00007fff4933e000 	/System/Library/PrivateFrameworks/AggregateDictionary.framework/Versions/A/AggregateDictionary
0x00007fff4dec9000 	/System/Library/PrivateFrameworks/CoreAnalytics.framework/Versions/A/CoreAnalytics
0x00007fff4a43b000 	/System/Library/PrivateFrameworks/AppleSauce.framework/Versions/A/AppleSauce
0x00007fff6ae23000 	/usr/lib/libIOReport.dylib
0x00007fff38bd3000 	/System/Library/Frameworks/CoreVideo.framework/Versions/A/CoreVideo
0x00007fff58b53000 	/System/Library/PrivateFrameworks/GraphVisualizer.framework/Versions/A/GraphVisualizer
0x00007fff51f1a000 	/System/Library/PrivateFrameworks/FaceCore.framework/Versions/A/FaceCore
0x00007fff3fe43000 	/System/Library/Frameworks/OpenCL.framework/Versions/A/OpenCL
0x00007fff6ac45000 	/usr/lib/libFosl_dynamic.dylib
0x00007fff5e1d7000 	/System/Library/PrivateFrameworks/OTSVG.framework/Versions/A/OTSVG
0x00007fff34cd2000 	/System/Library/Frameworks/ApplicationServices.framework/Versions/A/Frameworks/ATS.framework/Versions/A/Resources/libFontRegistry.dylib
0x00007fff52b6a000 	/System/Library/PrivateFrameworks/FontServices.framework/libhvf.dylib
0x00007fff4082d000 	/System/Library/Frameworks/OpenGL.framework/Versions/A/Libraries/libGFXShared.dylib
0x00007fff40a0a000 	/System/Library/Frameworks/OpenGL.framework/Versions/A/Libraries/libGLU.dylib
0x00007fff40836000 	/System/Library/Frameworks/OpenGL.framework/Versions/A/Libraries/libGL.dylib
0x00007fff40841000 	/System/Library/Frameworks/OpenGL.framework/Versions/A/Libraries/libGLImage.dylib
0x00007fff4081f000 	/System/Library/Frameworks/OpenGL.framework/Versions/A/Libraries/libCVMSPluginSupport.dylib
0x00007fff40828000 	/System/Library/Frameworks/OpenGL.framework/Versions/A/Libraries/libCoreVMClient.dylib
0x00007fff6c8a4000 	/usr/lib/libncurses.5.4.dylib
0x00007fff34bce000 	/System/Library/Frameworks/ApplicationServices.framework/Versions/A/Frameworks/ATS.framework/Versions/A/ATS
0x00007fff34d9b000 	/System/Library/Frameworks/ApplicationServices.framework/Versions/A/Frameworks/ColorSyncLegacy.framework/Versions/A/ColorSyncLegacy
0x00007fff34e3a000 	/System/Library/Frameworks/ApplicationServices.framework/Versions/A/Frameworks/HIServices.framework/Versions/A/HIServices
0x00007fff34e91000 	/System/Library/Frameworks/ApplicationServices.framework/Versions/A/Frameworks/LangAnalysis.framework/Versions/A/LangAnalysis
0x00007fff34ea0000 	/System/Library/Frameworks/ApplicationServices.framework/Versions/A/Frameworks/PrintCore.framework/Versions/A/PrintCore
0x00007fff34ee6000 	/System/Library/Frameworks/ApplicationServices.framework/Versions/A/Frameworks/QD.framework/Versions/A/QD
0x00007fff34ef1000 	/System/Library/Frameworks/ApplicationServices.framework/Versions/A/Frameworks/SpeechSynthesis.framework/Versions/A/SpeechSynthesis
0x00007fff34d6b000 	/System/Library/Frameworks/ApplicationServices.framework/Versions/A/Frameworks/ATSUI.framework/Versions/A/ATSUI
0x00007fff6bce5000 	/usr/lib/libcups.2.dylib
0x00007fff3b432000 	/System/Library/Frameworks/Kerberos.framework/Versions/A/Kerberos
0x00007fff396b2000 	/System/Library/Frameworks/GSS.framework/Versions/A/GSS
0x00007fff6d01a000 	/usr/lib/libresolv.9.dylib
0x00007fff58cf4000 	/System/Library/PrivateFrameworks/Heimdal.framework/Versions/A/Heimdal
0x00007fff3b445000 	/System/Library/Frameworks/Kerberos.framework/Versions/A/Libraries/libHeimdalProxy.dylib
0x00007fff6be8f000 	/usr/lib/libheimdal-asn1.dylib
0x00007fff4d36f000 	/System/Library/PrivateFrameworks/CommonAuth.framework/Versions/A/CommonAuth
0x00007fff4a5ba000 	/System/Library/PrivateFrameworks/AssertionServices.framework/Versions/A/AssertionServices
0x00007fff4b15d000 	/System/Library/PrivateFrameworks/AudioToolboxCore.framework/Versions/A/AudioToolboxCore
0x00007fff6a47d000 	/System/Library/PrivateFrameworks/caulk.framework/Versions/A/caulk
0x00007fff4b71b000 	/System/Library/PrivateFrameworks/BaseBoard.framework/Versions/A/BaseBoard
0x00007fff622eb000 	/System/Library/PrivateFrameworks/RunningBoardServices.framework/Versions/A/RunningBoardServices
0x00007fff5f3c5000 	/System/Library/PrivateFrameworks/PersistentConnection.framework/Versions/A/PersistentConnection
0x00007fff61d3a000 	/System/Library/PrivateFrameworks/ProtocolBuffer.framework/Versions/A/ProtocolBuffer
0x00007fff4d394000 	/System/Library/PrivateFrameworks/CommonUtilities.framework/Versions/A/CommonUtilities
0x00007fff4b89e000 	/System/Library/PrivateFrameworks/Bom.framework/Versions/A/Bom
0x00007fff6aaf2000 	/usr/lib/libAudioToolboxUtility.dylib
0x00007fff4b679000 	/System/Library/PrivateFrameworks/Backup.framework/Versions/A/Backup
0x00007fff50179000 	/System/Library/PrivateFrameworks/CrashReporterSupport.framework/Versions/A/CrashReporterSupport
0x00007fff63de2000 	/System/Library/PrivateFrameworks/Sharing.framework/Versions/A/Sharing
0x00007fff49d5e000 	/System/Library/PrivateFrameworks/Apple80211.framework/Versions/A/Apple80211
0x00007fff4b39b000 	/System/Library/PrivateFrameworks/AuthKit.framework/Versions/A/AuthKit
0x00007fff4fea9000 	/System/Library/PrivateFrameworks/CoreUtils.framework/Versions/A/CoreUtils
0x00007fff38c18000 	/System/Library/Frameworks/CoreWLAN.framework/Versions/A/CoreWLAN
0x00007fff3983d000 	/System/Library/Frameworks/IOBluetooth.framework/Versions/A/IOBluetooth
0x00007fff5d02a000 	/System/Library/PrivateFrameworks/MobileKeyBag.framework/Versions/A/MobileKeyBag
0x00007fff4ef7f000 	/System/Library/PrivateFrameworks/CorePhoneNumbers.framework/Versions/A/CorePhoneNumbers
0x00007fff49fc6000 	/System/Library/PrivateFrameworks/AppleIDAuthSupport.framework/Versions/A/AppleIDAuthSupport
0x00007fff3d2d7000 	/System/Library/Frameworks/Network.framework/Versions/A/Network
0x00007fff5b6eb000 	/System/Library/PrivateFrameworks/KeychainCircle.framework/Versions/A/KeychainCircle
0x00007fff3668d000 	/System/Library/Frameworks/CoreBluetooth.framework/Versions/A/CoreBluetooth
0x00007fff65a5e000 	/System/Library/PrivateFrameworks/SpeechRecognitionCore.framework/Versions/A/SpeechRecognitionCore
0x0000000104400000 	/Library/Java/JavaVirtualMachines/openjdk-11.0.2.jdk/Contents/Home/lib/server/libjvm.dylib
0x0000000103af9000 	/Library/Java/JavaVirtualMachines/openjdk-11.0.2.jdk/Contents/Home/lib/libverify.dylib
0x0000000103b05000 	/Library/Java/JavaVirtualMachines/openjdk-11.0.2.jdk/Contents/Home/lib/libjava.dylib
0x0000000103b4c000 	/Library/Java/JavaVirtualMachines/openjdk-11.0.2.jdk/Contents/Home/lib/libjdwp.dylib
0x0000000103bcc000 	/Library/Java/JavaVirtualMachines/openjdk-11.0.2.jdk/Contents/Home/lib/libzip.dylib
0x0000000103bd4000 	/Library/Java/JavaVirtualMachines/openjdk-11.0.2.jdk/Contents/Home/lib/libjimage.dylib
0x0000000111409000 	/Library/Java/JavaVirtualMachines/openjdk-11.0.2.jdk/Contents/Home/lib/libdt_socket.dylib
0x000000011140f000 	/Library/Java/JavaVirtualMachines/openjdk-11.0.2.jdk/Contents/Home/lib/libnio.dylib
0x000000011141d000 	/Library/Java/JavaVirtualMachines/openjdk-11.0.2.jdk/Contents/Home/lib/libnet.dylib
0x000000011170b000 	/Library/Java/JavaVirtualMachines/openjdk-11.0.2.jdk/Contents/Home/lib/libawt.dylib
0x00000001117a5000 	/Library/Java/JavaVirtualMachines/openjdk-11.0.2.jdk/Contents/Home/lib/libmlib_image.dylib
0x00007fff3b41b000 	/System/Library/Frameworks/JavaVM.framework/Versions/A/Frameworks/JavaNativeFoundation.framework/Versions/A/JavaNativeFoundation
0x00007fff3b424000 	/System/Library/Frameworks/JavaVM.framework/Versions/A/Frameworks/JavaRuntimeSupport.framework/Versions/A/JavaRuntimeSupport
0x00007fff3b42d000 	/System/Library/Frameworks/JavaVM.framework/Versions/A/JavaVM
0x00007fff5b54e000 	/System/Library/PrivateFrameworks/JavaLaunching.framework/Versions/A/JavaLaunching
0x00007fff3575d000 	/System/Library/Frameworks/Carbon.framework/Versions/A/Carbon
0x00007fff4fc5d000 	/System/Library/PrivateFrameworks/CoreSymbolication.framework/Versions/A/CoreSymbolication
0x00007fff3575e000 	/System/Library/Frameworks/Carbon.framework/Versions/A/Frameworks/CommonPanels.framework/Versions/A/CommonPanels
0x00007fff35a57000 	/System/Library/Frameworks/Carbon.framework/Versions/A/Frameworks/Help.framework/Versions/A/Help
0x00007fff35a5b000 	/System/Library/Frameworks/Carbon.framework/Versions/A/Frameworks/ImageCapture.framework/Versions/A/ImageCapture
0x00007fff35a62000 	/System/Library/Frameworks/Carbon.framework/Versions/A/Frameworks/OpenScripting.framework/Versions/A/OpenScripting
0x00007fff35a61000 	/System/Library/Frameworks/Carbon.framework/Versions/A/Frameworks/Ink.framework/Versions/A/Ink
0x00007fff35a9d000 	/System/Library/Frameworks/Carbon.framework/Versions/A/Frameworks/Print.framework/Versions/A/Print
0x00007fff35a9e000 	/System/Library/Frameworks/Carbon.framework/Versions/A/Frameworks/SecurityHI.framework/Versions/A/SecurityHI
0x00007fff5053e000 	/System/Library/PrivateFrameworks/DebugSymbols.framework/Versions/A/DebugSymbols
0x000000011180b000 	/Library/Java/JavaVirtualMachines/openjdk-11.0.2.jdk/Contents/Home/lib/libawt_lwawt.dylib
0x00000001118b8000 	/Library/Java/JavaVirtualMachines/openjdk-11.0.2.jdk/Contents/Home/lib/libosxapp.dylib
0x00007fff39120000 	/System/Library/Frameworks/ExceptionHandling.framework/Versions/A/ExceptionHandling
0x00000001118fd000 	/Library/Java/JavaVirtualMachines/openjdk-11.0.2.jdk/Contents/Home/lib/libjavajpeg.dylib
0x00000001266b2000 	/Library/Java/JavaVirtualMachines/openjdk-11.0.2.jdk/Contents/Home/lib/liblcms.dylib
0x00000001114de000 	/Users/natashasinghvi/Library/Caches/JNA/temp/jna13803432657531700091.tmp
0x0000000126a0f000 	/usr/local/Cellar/tesseract/4.1.1/lib/libtesseract.4.dylib
0x0000000126c8d000 	/usr/local/opt/leptonica/lib/liblept.5.dylib
0x00007fff6bd46000 	/usr/lib/libcurl.4.dylib
0x000000011197d000 	/usr/local/opt/libpng/lib/libpng16.16.dylib
0x0000000126e9d000 	/usr/local/opt/jpeg/lib/libjpeg.9.dylib
0x00000001113aa000 	/usr/local/opt/giflib/lib/libgif.dylib
0x0000000126ed3000 	/usr/local/opt/libtiff/lib/libtiff.5.dylib
0x00000001113c5000 	/usr/local/opt/webp/lib/libwebpmux.3.dylib
0x0000000126f40000 	/usr/local/opt/webp/lib/libwebp.7.dylib
0x0000000126fa2000 	/usr/local/opt/openjpeg/lib/libopenjp2.7.dylib
0x00007fff6bbcb000 	/usr/lib/libcrypto.44.dylib
0x00007fff6d36f000 	/usr/lib/libssl.46.dylib
0x00007fff3b446000 	/System/Library/Frameworks/LDAP.framework/Versions/A/LDAP
0x00007fff66c97000 	/System/Library/PrivateFrameworks/TrustEvaluationAgent.framework/Versions/A/TrustEvaluationAgent
0x00007fff6d079000 	/usr/lib/libsasl2.2.dylib
0x00007fff4e1b3000 	/System/Library/PrivateFrameworks/CoreDaemon.framework/Versions/B/CoreDaemon
0x00007fff4a436000 	/System/Library/PrivateFrameworks/AppleSRP.framework/Versions/A/AppleSRP


VM Arguments:
jvm_args: -agentlib:jdwp=transport=dt_socket,server=n,suspend=y,address=49624 -Dfile.encoding=UTF-8 -Duser.country=US -Duser.language=en -Duser.variant 
java_command: com.boggle.BoggleBoardGenerator
java_class_path (initial): /Users/natashasinghvi/Documents/boggle/build/classes/java/main:/Users/natashasinghvi/Documents/boggle/build/resources/main:/Users/natashasinghvi/.gradle/caches/modules-2/files-2.1/net.sourceforge.tess4j/tess4j/4.5.1/36cbd63085aae3fab9eda4fd094a45337b1dbe10/tess4j-4.5.1.jar:/Users/natashasinghvi/.gradle/caches/modules-2/files-2.1/org.ghost4j/ghost4j/1.0.1/a026bc023a623b43df336670ceb00eba355bbc81/ghost4j-1.0.1.jar:/Users/natashasinghvi/.gradle/caches/modules-2/files-2.1/net.sourceforge.lept4j/lept4j/1.13.0/681521411b1a5be417fd6e33a92ccd60d6484e6d/lept4j-1.13.0.jar:/Users/natashasinghvi/.gradle/caches/modules-2/files-2.1/net.java.dev.jna/jna/5.5.0/e0845217c4907822403912ad6828d8e0b256208/jna-5.5.0.jar:/Users/natashasinghvi/.gradle/caches/modules-2/files-2.1/com.github.jai-imageio/jai-imageio-core/1.4.0/fb6d79b929556362a241b2f65a04e538062f0077/jai-imageio-core-1.4.0.jar:/Users/natashasinghvi/.gradle/caches/modules-2/files-2.1/org.apache.pdfbox/pdfbox-tools/2.0.18/42f6bde3d60feccd63d2dc653aaea5f1d32b8740/pdfbox-tools-2.0.18.jar:/Users/natashasinghvi/.gradle/caches/modules-2/files-2.1/org.apache.pdfbox/pdfbox-debugger/2.0.18/e5620fcedb338d0c526d8a2f7065a3243fe89af9/pdfbox-debugger-2.0.18.jar:/Users/natashasinghvi/.gradle/caches/modules-2/files-2.1/org.apache.pdfbox/pdfbox/2.0.18/4224701ea1ee71c5356aa166bb2e4b2e21dd505f/pdfbox-2.0.18.jar:/Users/natashasinghvi/.gradle/caches/modules-2/files-2.1/org.apache.pdfbox/jbig2-imageio/3.0.3/1719861ff0b86162c5b391fb4d1084c05ff72b35/jbig2-imageio-3.0.3.jar:/Users/natashasinghvi/.gradle/caches/modules-2/files-2.1/org.apache.xmlgraphics/xmlgraphics-commons/1.4/52a051c7202449347ab3d717987b5fc2e2a52143/xmlgraphics-commons-1.4.jar:/Users/natashasinghvi/.gradle/caches/modules-2/files-2.1/commons-io/commons-io/2.6/815893df5f31da2ece4040fe0a12fd44b577afaf/commons-io-2.6.jar:/Users/natashasinghvi/.gradle/caches/modules-2/files-2.1/org.jboss/jboss-vfs/3.2.15.Final/9b16eb15a13b42d6cd55281938de1b946c735d6f/jboss-vfs-3.
Launcher Type: SUN_STANDARD

[Global flags]
     intx CICompilerCount                          = 3                                         {product} {ergonomic}
     uint ConcGCThreads                            = 1                                         {product} {ergonomic}
     uint G1ConcRefinementThreads                  = 4                                         {product} {ergonomic}
   size_t G1HeapRegionSize                         = 1048576                                   {product} {ergonomic}
    uintx GCDrainStackTargetSize                   = 64                                        {product} {ergonomic}
   size_t InitialHeapSize                          = 134217728                                 {product} {ergonomic}
   size_t MarkStackSize                            = 4194304                                   {product} {ergonomic}
   size_t MaxHeapSize                              = 2147483648                                {product} {ergonomic}
   size_t MaxNewSize                               = 1287651328                                {product} {ergonomic}
   size_t MinHeapDeltaBytes                        = 1048576                                   {product} {ergonomic}
    uintx NonNMethodCodeHeapSize                   = 5830092                                {pd product} {ergonomic}
    uintx NonProfiledCodeHeapSize                  = 122914074                              {pd product} {ergonomic}
    uintx ProfiledCodeHeapSize                     = 122914074                              {pd product} {ergonomic}
    uintx ReservedCodeCacheSize                    = 251658240                              {pd product} {ergonomic}
     bool SegmentedCodeCache                       = true                                      {product} {ergonomic}
     bool UseCompressedClassPointers               = true                                 {lp64_product} {ergonomic}
     bool UseCompressedOops                        = true                                 {lp64_product} {ergonomic}
     bool UseG1GC                                  = true                                      {product} {ergonomic}

Logging:
Log output configuration:
 #0: stdout all=warning uptime,level,tags
 #1: stderr all=off uptime,level,tags

Environment Variables:
PATH=/usr/local/bin:/usr/local/sbin:/Library/Frameworks/Python.framework/Versions/3.7/bin:/usr/local/bin:/usr/bin:/bin:/usr/sbin:/sbin:/opt/X11/bin:/Library/Apple/usr/bin
SHELL=/bin/bash
DISPLAY=/private/tmp/com.apple.launchd.TZmAVAvgkE/org.macosforge.xquartz:0

Signal Handlers:
SIGSEGV: [libjvm.dylib+0x73f4e4], sa_mask[0]=11111111011111110111111111111111, sa_flags=SA_ONSTACK|SA_RESTART|SA_SIGINFO
SIGBUS: [libjvm.dylib+0x73f4e4], sa_mask[0]=11111111011111110111111111111111, sa_flags=SA_RESTART|SA_SIGINFO
SIGFPE: [libjvm.dylib+0x73f4e4], sa_mask[0]=11111111011111110111111111111111, sa_flags=SA_RESTART|SA_SIGINFO
SIGPIPE: [libjvm.dylib+0x5f2192], sa_mask[0]=11111111011111110111111111111111, sa_flags=SA_RESTART|SA_SIGINFO
SIGXFSZ: [libjvm.dylib+0x5f2192], sa_mask[0]=11111111011111110111111111111111, sa_flags=SA_RESTART|SA_SIGINFO
SIGILL: [libjvm.dylib+0x73f4e4], sa_mask[0]=11111111011111110111111111111111, sa_flags=SA_RESTART|SA_SIGINFO
SIGUSR2: [libjvm.dylib+0x5f2777], sa_mask[0]=00100000000000000000000000000000, sa_flags=SA_RESTART|SA_SIGINFO
SIGHUP: [libjvm.dylib+0x5f11d3], sa_mask[0]=11111111011111110111111111111111, sa_flags=SA_RESTART|SA_SIGINFO
SIGINT: [libjvm.dylib+0x5f11d3], sa_mask[0]=11111111011111110111111111111111, sa_flags=SA_RESTART|SA_SIGINFO
SIGTERM: [libjvm.dylib+0x5f11d3], sa_mask[0]=11111111011111110111111111111111, sa_flags=SA_RESTART|SA_SIGINFO
SIGQUIT: [libjvm.dylib+0x5f11d3], sa_mask[0]=11111111011111110111111111111111, sa_flags=SA_RESTART|SA_SIGINFO


---------------  S Y S T E M  ---------------

OS:uname:Darwin 19.2.0 Darwin Kernel Version 19.2.0: Sat Nov  9 03:47:04 PST 2019; root:xnu-6153.61.1~20/RELEASE_X86_64 x86_64
rlimit: STACK 8192k, CORE 0k, NPROC 1392, NOFILE 10240, AS infinity, DATA infinity, FSIZE infinity
load average:2.44 2.69 9.32

CPU:total 4 (initial active 4) (2 cores per cpu, 2 threads per core) family 6 model 61 stepping 4, cmov, cx8, fxsr, mmx, sse, sse2, sse3, ssse3, sse4.1, sse4.2, popcnt, avx, avx2, aes, clmul, erms, rtm, 3dnowpref, lzcnt, ht, tsc, tscinvbit, bmi1, bmi2, adx, fma

Memory: 4k page, physical 8388608k(36272k free)

vm_info: OpenJDK 64-Bit Server VM (11.0.2+9) for bsd-amd64 JRE (11.0.2+9), built on Jan 18 2019 08:16:22 by "mach5one" with gcc 4.2.1 Compatible Apple LLVM 9.1.0 (clang-902.0.39.2)

END.
