#
# A fatal error has been detected by the Java Runtime Environment:
#
#  SIGSEGV (0xb) at pc=0x0000000127ec6a6b, pid=6785, tid=5635
#
# JRE version: OpenJDK Runtime Environment (11.0.2+9) (build 11.0.2+9)
# Java VM: OpenJDK 64-Bit Server VM (11.0.2+9, mixed mode, tiered, compressed oops, g1 gc, bsd-amd64)
# Problematic frame:
# C  [libtesseract.4.dylib+0x17a6b]  _ZN9tesseract9Tesseract15recog_all_wordsEP8PAGE_RESP10ETEXT_DESCPK4TBOXPKci+0xaf
#
# No core dump will be written. Core dumps have been disabled. To enable core dumping, try "ulimit -c unlimited" before starting Java again
#
# If you would like to submit a bug report, please visit:
#   http://bugreport.java.com/bugreport/crash.jsp
# The crash happened outside the Java Virtual Machine in native code.
# See problematic frame for where to report the bug.
#

---------------  S U M M A R Y ------------

Command Line: -Dfile.encoding=UTF-8 -Duser.country=US -Duser.language=en -Duser.variant com.boggle.BoggleBoardGenerator

Host: MacBookAir7,2 x86_64 2200 MHz, 4 cores, 8G, Darwin 19.2.0
Time: Sun May 17 13:30:02 2020 EDT elapsed time: 2 seconds (0d 0h 0m 2s)

---------------  T H R E A D  ---------------

Current thread (0x00007fb0b6801800):  JavaThread "main" [_thread_in_native, id=5635, stack(0x0000700007279000,0x0000700007379000)]

Stack: [0x0000700007279000,0x0000700007379000],  sp=0x0000700007377780,  free space=1017k
Native frames: (J=compiled Java code, A=aot compiled Java code, j=interpreted, Vv=VM code, C=native code)
C  [libtesseract.4.dylib+0x17a6b]  _ZN9tesseract9Tesseract15recog_all_wordsEP8PAGE_RESP10ETEXT_DESCPK4TBOXPKci+0xaf
C  [libtesseract.4.dylib+0x4647]  _ZN9tesseract11TessBaseAPI9RecognizeEP10ETEXT_DESC+0x379
C  [libtesseract.4.dylib+0x35e5]  _ZN9tesseract11TessBaseAPI11GetUTF8TextEv+0x2b
C  [jna4989747793276273843.tmp+0xde74]  ffi_call_unix64+0x4c

Java frames: (J=compiled Java code, j=interpreted, Vv=VM code)
j  com.sun.jna.Native.invokePointer(Lcom/sun/jna/Function;JI[Ljava/lang/Object;)J+0
j  com.sun.jna.Function.invokePointer(I[Ljava/lang/Object;)Lcom/sun/jna/Pointer;+7
j  com.sun.jna.Function.invoke([Ljava/lang/Object;Ljava/lang/Class;ZI)Ljava/lang/Object;+385
j  com.sun.jna.Function.invoke(Ljava/lang/reflect/Method;[Ljava/lang/Class;Ljava/lang/Class;[Ljava/lang/Object;Ljava/util/Map;)Ljava/lang/Object;+271
j  com.sun.jna.Library$Handler.invoke(Ljava/lang/Object;Ljava/lang/reflect/Method;[Ljava/lang/Object;)Ljava/lang/Object;+390
j  com.sun.proxy.$Proxy0.TessBaseAPIGetUTF8Text(Lnet/sourceforge/tess4j/ITessAPI$TessBaseAPI;)Lcom/sun/jna/Pointer;+16
j  net.sourceforge.tess4j.Tesseract.getOCRText(Ljava/lang/String;I)Ljava/lang/String;+269
j  net.sourceforge.tess4j.Tesseract.doOCR(Ljavax/imageio/IIOImage;Ljava/lang/String;Ljava/awt/Rectangle;I)Ljava/lang/String;+18
j  net.sourceforge.tess4j.Tesseract.doOCR(Ljava/io/File;Ljava/awt/Rectangle;)Ljava/lang/String;+126
j  net.sourceforge.tess4j.Tesseract.doOCR(Ljava/io/File;)Ljava/lang/String;+3
j  com.boggle.BoggleBoardGenerator.main([Ljava/lang/String;)V+28
v  ~StubRoutines::call_stub

siginfo: si_signo: 11 (SIGSEGV), si_code: 1 (SEGV_MAPERR), si_addr: 0x000000000000000c

Register to memory mapping:

RAX=0x0 is NULL
RBX=0x00007fb0b5e5b440 points into unknown readable memory: 00 00 00 00 00 00 00 00
RCX=0x0 is NULL
RDX=0x00007fb0b5e69090 points into unknown readable memory: 90 3d e6 b5 b0 7f 00 00
RSP=0x0000700007377780 is pointing into the stack for thread: 0x00007fb0b6801800
RBP=0x0000700007377940 is pointing into the stack for thread: 0x00007fb0b6801800
RSI=0x0 is NULL
RDI=0x0000700007377838 is pointing into the stack for thread: 0x00007fb0b6801800
R8 =0x0 is NULL
R9 =0x0 is NULL
R10=0x00000000ffffff9f is an unknown value
R11=0x0000000000068450 is an unknown value
R12=0x0 is NULL
R13=0x0000000127c89000 points into unknown readable memory: 00 32 08 28 01 00 00 00
R14=0x0 is NULL
R15=0x0 is NULL


Registers:
RAX=0x0000000000000000, RBX=0x00007fb0b5e5b440, RCX=0x0000000000000000, RDX=0x00007fb0b5e69090
RSP=0x0000700007377780, RBP=0x0000700007377940, RSI=0x0000000000000000, RDI=0x0000700007377838
R8 =0x0000000000000000, R9 =0x0000000000000000, R10=0x00000000ffffff9f, R11=0x0000000000068450
R12=0x0000000000000000, R13=0x0000000127c89000, R14=0x0000000000000000, R15=0x0000000000000000
RIP=0x0000000127ec6a6b, EFLAGS=0x0000000000010246, ERR=0x0000000000000004
  TRAPNO=0x000000000000000e

Top of Stack: (sp=0x0000700007377780)
0x0000700007377780:   00007fb0b80671b0 00007fb0b5e5b440
0x0000700007377790:   0000000000000000 0000000000000000
0x00007000073777a0:   0000000000000000 00007fb0b5eb2b20
0x00007000073777b0:   00007fb0b5e69090 00007fb0b5e776d0
0x00007000073777c0:   00007fb0b5e9a240 00007fb0b5e69090
0x00007000073777d0:   00007fb0b5e776d0 00007fb0b5e5b448
0x00007000073777e0:   00007fb0b5e776d0 00007fb0b5e776d0
0x00007000073777f0:   00007fb0b5e776d0 00007fb0b5e776d0
0x0000700007377800:   00007fb0b5000000 00007fb0b5e776f8
0x0000700007377810:   00007fb0b8065570 00007fb0b5e69090
0x0000700007377820:   00007fb0b5e63d90 00007fb0b5e69090
0x0000700007377830:   0000700007000000 00007fb0b5e690b0
0x0000700007377840:   00007fb0b5e9a240 00007fb0b5ef5c10
0x0000700007377850:   00007fb0b5e5c450 00007fb0b5eb2b20
0x0000700007377860:   0000700007010000 00007fb0b5e690b0
0x0000700007377870:   00007fb0b5eb7470 00007fb0b5eb2b20
0x0000700007377880:   00007fb0b5ec2310 00007fb0b5eb2b20
0x0000700007377890:   0000000000000000 00007fb0b5e690b0
0x00007000073778a0:   00007fb0b5e5c770 00007fb0b5e9a240
0x00007000073778b0:   00007fb0b5ef5c10 00007fb0b5eb2b20
0x00007000073778c0:   0000700007010000 0000000127eb19a5
0x00007000073778d0:   00007fb0b5e5aa00 0000000128060754
0x00007000073778e0:   0000000127c89150 00007fb0b5e4cab0
0x00007000073778f0:   00007fb0b5e4cab0 0000000127c89000
0x0000700007377900:   0000000000000000 0000000000000000
0x0000700007377910:   00007fb0b5e5b440 0000700007377901
0x0000700007377920:   00007fb0b5e4cab0 0000000127c89000
0x0000700007377930:   00000000ffffffff 0000000000000000
0x0000700007377940:   00007000073779b0 0000000127eb3647
0x0000700007377950:   0000700007377970 0000000106108027
0x0000700007377960:   0000700007377990 00007fff6ffdb2ae
0x0000700007377970:   0000700007377990 0000000106108041 

Instructions: (pc=0x0000000127ec6a6b)
0x0000000127ec6a4b:   e8 40 fa 11 00 41 83 bd 08 14 00 00 00 7e 0a 4c
0x0000000127ec6a5b:   89 ef e8 e6 97 0b 00 eb 15 49 8b 85 b0 09 00 00
0x0000000127ec6a6b:   80 78 0c 00 74 08 4c 89 ef e8 43 98 0b 00 41 83
0x0000000127ec6a7b:   bd d8 44 02 00 00 7e 3e 31 db 49 8b 85 e0 44 02 

Stack slot to memory mapping:
stack at sp + 0 slots: 0x00007fb0b80671b0 points into unknown readable memory: 60 71 06 b8 b0 7f 00 00
stack at sp + 1 slots: 0x00007fb0b5e5b440 points into unknown readable memory: 00 00 00 00 00 00 00 00
stack at sp + 2 slots: 0x0 is NULL
stack at sp + 3 slots: 0x0 is NULL
stack at sp + 4 slots: 0x0 is NULL
stack at sp + 5 slots: 0x00007fb0b5eb2b20 points into unknown readable memory: 10 23 ec b5 b0 7f 00 00
stack at sp + 6 slots: 0x00007fb0b5e69090 points into unknown readable memory: 90 3d e6 b5 b0 7f 00 00
stack at sp + 7 slots: 0x00007fb0b5e776d0 points into unknown readable memory: d0 76 e7 b5 b0 7f 00 00


---------------  P R O C E S S  ---------------

Threads class SMR info:
_java_thread_list=0x00007fb0b5d63160, length=10, elements={
0x00007fb0b6801800, 0x00007fb0b705f800, 0x00007fb0b600c800, 0x00007fb0b787c800,
0x00007fb0b6009000, 0x00007fb0b6023000, 0x00007fb0b6024000, 0x00007fb0b604a800,
0x00007fb0b700e800, 0x00007fb0b7a30000
}

Java Threads: ( => current thread )
=>0x00007fb0b6801800 JavaThread "main" [_thread_in_native, id=5635, stack(0x0000700007279000,0x0000700007379000)]
  0x00007fb0b705f800 JavaThread "Reference Handler" daemon [_thread_blocked, id=20227, stack(0x000070000798e000,0x0000700007a8e000)]
  0x00007fb0b600c800 JavaThread "Finalizer" daemon [_thread_blocked, id=19459, stack(0x0000700007a91000,0x0000700007b91000)]
  0x00007fb0b787c800 JavaThread "Signal Dispatcher" daemon [_thread_blocked, id=17923, stack(0x0000700007c9a000,0x0000700007d9a000)]
  0x00007fb0b6009000 JavaThread "C2 CompilerThread0" daemon [_thread_blocked, id=17411, stack(0x0000700007d9d000,0x0000700007e9d000)]
  0x00007fb0b6023000 JavaThread "C1 CompilerThread0" daemon [_thread_blocked, id=16643, stack(0x0000700007ea0000,0x0000700007fa0000)]
  0x00007fb0b6024000 JavaThread "Sweeper thread" daemon [_thread_blocked, id=43267, stack(0x0000700007fa3000,0x00007000080a3000)]
  0x00007fb0b604a800 JavaThread "Service Thread" daemon [_thread_blocked, id=42499, stack(0x00007000080a6000,0x00007000081a6000)]
  0x00007fb0b700e800 JavaThread "Common-Cleaner" daemon [_thread_blocked, id=41731, stack(0x00007000082ac000,0x00007000083ac000)]
  0x00007fb0b7a30000 JavaThread "Java2D Disposer" daemon [_thread_blocked, id=41223, stack(0x00007000083af000,0x00007000084af000)]

Other Threads:
  0x00007fb0b6817000 VMThread "VM Thread" [stack: 0x000070000788b000,0x000070000798b000] [id=20739]
  0x00007fb0b681a000 WatcherThread [stack: 0x00007000081a9000,0x00007000082a9000] [id=22019]
  0x00007fb0b7805800 GCTaskThread "GC Thread#0" [stack: 0x000070000737c000,0x000070000747c000] [id=11523]
  0x00007fb0b68f2800 GCTaskThread "GC Thread#1" [stack: 0x00007000085b5000,0x00007000086b5000] [id=39939]
  0x00007fb0b69e1800 GCTaskThread "GC Thread#2" [stack: 0x00007000086b8000,0x00007000087b8000] [id=23299]
  0x00007fb0b7824800 ConcurrentGCThread "G1 Main Marker" [stack: 0x000070000747f000,0x000070000757f000] [id=12035]
  0x00007fb0b7825800 ConcurrentGCThread "G1 Conc#0" [stack: 0x0000700007582000,0x0000700007682000] [id=12803]
  0x00007fb0b705c000 ConcurrentGCThread "G1 Refine#0" [stack: 0x0000700007685000,0x0000700007785000] [id=13315]
  0x00007fb0b705c800 ConcurrentGCThread "G1 Young RemSet Sampling" [stack: 0x0000700007788000,0x0000700007888000] [id=13571]

Threads with active compile tasks:

VM state:not at safepoint (normal execution)

VM Mutex/Monitor currently owned by a thread: None

Heap address: 0x0000000780000000, size: 2048 MB, Compressed Oops mode: Zero based, Oop shift amount: 3
Narrow klass base: 0x0000000800000000, Narrow klass shift: 0
Compressed class space size: 1073741824 Address: 0x0000000800000000

Heap:
 garbage-first heap   total 131072K, used 110558K [0x0000000780000000, 0x0000000800000000)
  region size 1024K, 2 young (2048K), 1 survivors (1024K)
 Metaspace       used 12528K, capacity 12774K, committed 13184K, reserved 1060864K
  class space    used 1197K, capacity 1306K, committed 1408K, reserved 1048576K
Heap Regions: E=young(eden), S=young(survivor), O=old, HS=humongous(starts), HC=humongous(continues), CS=collection set, F=free, A=archive, TAMS=top-at-mark-start (previous, next)
|   0|0x0000000780000000, 0x0000000780100000, 0x0000000780100000|100%|HS|  |TAMS 0x0000000780100000, 0x0000000780000000| Complete 
|   1|0x0000000780100000, 0x0000000780200000, 0x0000000780200000|100%|HC|  |TAMS 0x0000000780200000, 0x0000000780100000| Complete 
|   2|0x0000000780200000, 0x0000000780300000, 0x0000000780300000|100%|HC|  |TAMS 0x0000000780300000, 0x0000000780200000| Complete 
|   3|0x0000000780300000, 0x0000000780400000, 0x0000000780400000|100%|HC|  |TAMS 0x0000000780400000, 0x0000000780300000| Complete 
|   4|0x0000000780400000, 0x0000000780500000, 0x0000000780500000|100%|HC|  |TAMS 0x0000000780500000, 0x0000000780400000| Complete 
|   5|0x0000000780500000, 0x0000000780600000, 0x0000000780600000|100%|HC|  |TAMS 0x0000000780600000, 0x0000000780500000| Complete 
|   6|0x0000000780600000, 0x0000000780700000, 0x0000000780700000|100%|HC|  |TAMS 0x0000000780700000, 0x0000000780600000| Complete 
|   7|0x0000000780700000, 0x0000000780800000, 0x0000000780800000|100%|HC|  |TAMS 0x0000000780800000, 0x0000000780700000| Complete 
|   8|0x0000000780800000, 0x0000000780900000, 0x0000000780900000|100%|HC|  |TAMS 0x0000000780900000, 0x0000000780800000| Complete 
|   9|0x0000000780900000, 0x0000000780a00000, 0x0000000780a00000|100%|HC|  |TAMS 0x0000000780a00000, 0x0000000780900000| Complete 
|  10|0x0000000780a00000, 0x0000000780b00000, 0x0000000780b00000|100%|HC|  |TAMS 0x0000000780b00000, 0x0000000780a00000| Complete 
|  11|0x0000000780b00000, 0x0000000780c00000, 0x0000000780c00000|100%|HC|  |TAMS 0x0000000780c00000, 0x0000000780b00000| Complete 
|  12|0x0000000780c00000, 0x0000000780d00000, 0x0000000780d00000|100%|HC|  |TAMS 0x0000000780d00000, 0x0000000780c00000| Complete 
|  13|0x0000000780d00000, 0x0000000780e00000, 0x0000000780e00000|100%|HC|  |TAMS 0x0000000780e00000, 0x0000000780d00000| Complete 
|  14|0x0000000780e00000, 0x0000000780f00000, 0x0000000780f00000|100%|HC|  |TAMS 0x0000000780f00000, 0x0000000780e00000| Complete 
|  15|0x0000000780f00000, 0x0000000781000000, 0x0000000781000000|100%|HC|  |TAMS 0x0000000781000000, 0x0000000780f00000| Complete 
|  16|0x0000000781000000, 0x0000000781100000, 0x0000000781100000|100%|HC|  |TAMS 0x0000000781100000, 0x0000000781000000| Complete 
|  17|0x0000000781100000, 0x0000000781200000, 0x0000000781200000|100%|HC|  |TAMS 0x0000000781200000, 0x0000000781100000| Complete 
|  18|0x0000000781200000, 0x0000000781300000, 0x0000000781300000|100%|HC|  |TAMS 0x0000000781300000, 0x0000000781200000| Complete 
|  19|0x0000000781300000, 0x0000000781400000, 0x0000000781400000|100%|HC|  |TAMS 0x0000000781400000, 0x0000000781300000| Complete 
|  20|0x0000000781400000, 0x0000000781500000, 0x0000000781500000|100%|HC|  |TAMS 0x0000000781500000, 0x0000000781400000| Complete 
|  21|0x0000000781500000, 0x0000000781600000, 0x0000000781600000|100%|HC|  |TAMS 0x0000000781600000, 0x0000000781500000| Complete 
|  22|0x0000000781600000, 0x0000000781700000, 0x0000000781700000|100%|HC|  |TAMS 0x0000000781700000, 0x0000000781600000| Complete 
|  23|0x0000000781700000, 0x0000000781800000, 0x0000000781800000|100%|HC|  |TAMS 0x0000000781800000, 0x0000000781700000| Complete 
|  24|0x0000000781800000, 0x0000000781900000, 0x0000000781900000|100%|HC|  |TAMS 0x0000000781900000, 0x0000000781800000| Complete 
|  25|0x0000000781900000, 0x0000000781a00000, 0x0000000781a00000|100%|HC|  |TAMS 0x0000000781a00000, 0x0000000781900000| Complete 
|  26|0x0000000781a00000, 0x0000000781b00000, 0x0000000781b00000|100%|HC|  |TAMS 0x0000000781b00000, 0x0000000781a00000| Complete 
|  27|0x0000000781b00000, 0x0000000781c00000, 0x0000000781c00000|100%|HC|  |TAMS 0x0000000781c00000, 0x0000000781b00000| Complete 
|  28|0x0000000781c00000, 0x0000000781d00000, 0x0000000781d00000|100%|HC|  |TAMS 0x0000000781d00000, 0x0000000781c00000| Complete 
|  29|0x0000000781d00000, 0x0000000781e00000, 0x0000000781e00000|100%|HC|  |TAMS 0x0000000781e00000, 0x0000000781d00000| Complete 
|  30|0x0000000781e00000, 0x0000000781f00000, 0x0000000781f00000|100%|HC|  |TAMS 0x0000000781f00000, 0x0000000781e00000| Complete 
|  31|0x0000000781f00000, 0x0000000782000000, 0x0000000782000000|100%|HC|  |TAMS 0x0000000782000000, 0x0000000781f00000| Complete 
|  32|0x0000000782000000, 0x0000000782100000, 0x0000000782100000|100%|HC|  |TAMS 0x0000000782100000, 0x0000000782000000| Complete 
|  33|0x0000000782100000, 0x0000000782200000, 0x0000000782200000|100%|HC|  |TAMS 0x0000000782200000, 0x0000000782100000| Complete 
|  34|0x0000000782200000, 0x0000000782300000, 0x0000000782300000|100%|HC|  |TAMS 0x0000000782300000, 0x0000000782200000| Complete 
|  35|0x0000000782300000, 0x0000000782400000, 0x0000000782400000|100%| O|  |TAMS 0x0000000782400000, 0x0000000782300000| Untracked 
|  36|0x0000000782400000, 0x0000000782500000, 0x0000000782500000|100%| O|  |TAMS 0x0000000782500000, 0x0000000782400000| Untracked 
|  37|0x0000000782500000, 0x00000007825f1600, 0x0000000782600000| 94%| O|  |TAMS 0x00000007825f1600, 0x0000000782500000| Untracked 
|  38|0x0000000782600000, 0x0000000782700000, 0x0000000782700000|100%|HS|  |TAMS 0x0000000782700000, 0x0000000782600000| Complete 
|  39|0x0000000782700000, 0x0000000782800000, 0x0000000782800000|100%|HC|  |TAMS 0x0000000782800000, 0x0000000782700000| Complete 
|  40|0x0000000782800000, 0x0000000782900000, 0x0000000782900000|100%|HC|  |TAMS 0x0000000782900000, 0x0000000782800000| Complete 
|  41|0x0000000782900000, 0x0000000782a00000, 0x0000000782a00000|100%|HC|  |TAMS 0x0000000782a00000, 0x0000000782900000| Complete 
|  42|0x0000000782a00000, 0x0000000782b00000, 0x0000000782b00000|100%|HC|  |TAMS 0x0000000782b00000, 0x0000000782a00000| Complete 
|  43|0x0000000782b00000, 0x0000000782c00000, 0x0000000782c00000|100%|HC|  |TAMS 0x0000000782c00000, 0x0000000782b00000| Complete 
|  44|0x0000000782c00000, 0x0000000782d00000, 0x0000000782d00000|100%|HC|  |TAMS 0x0000000782d00000, 0x0000000782c00000| Complete 
|  45|0x0000000782d00000, 0x0000000782e00000, 0x0000000782e00000|100%|HC|  |TAMS 0x0000000782e00000, 0x0000000782d00000| Complete 
|  46|0x0000000782e00000, 0x0000000782f00000, 0x0000000782f00000|100%|HC|  |TAMS 0x0000000782f00000, 0x0000000782e00000| Complete 
|  47|0x0000000782f00000, 0x0000000783000000, 0x0000000783000000|100%|HC|  |TAMS 0x0000000783000000, 0x0000000782f00000| Complete 
|  48|0x0000000783000000, 0x0000000783100000, 0x0000000783100000|100%|HC|  |TAMS 0x0000000783100000, 0x0000000783000000| Complete 
|  49|0x0000000783100000, 0x0000000783200000, 0x0000000783200000|100%|HC|  |TAMS 0x0000000783200000, 0x0000000783100000| Complete 
|  50|0x0000000783200000, 0x0000000783300000, 0x0000000783300000|100%|HC|  |TAMS 0x0000000783300000, 0x0000000783200000| Complete 
|  51|0x0000000783300000, 0x0000000783400000, 0x0000000783400000|100%|HC|  |TAMS 0x0000000783400000, 0x0000000783300000| Complete 
|  52|0x0000000783400000, 0x0000000783500000, 0x0000000783500000|100%|HC|  |TAMS 0x0000000783500000, 0x0000000783400000| Complete 
|  53|0x0000000783500000, 0x0000000783600000, 0x0000000783600000|100%|HC|  |TAMS 0x0000000783600000, 0x0000000783500000| Complete 
|  54|0x0000000783600000, 0x0000000783700000, 0x0000000783700000|100%|HC|  |TAMS 0x0000000783700000, 0x0000000783600000| Complete 
|  55|0x0000000783700000, 0x0000000783800000, 0x0000000783800000|100%|HC|  |TAMS 0x0000000783800000, 0x0000000783700000| Complete 
|  56|0x0000000783800000, 0x0000000783900000, 0x0000000783900000|100%|HC|  |TAMS 0x0000000783900000, 0x0000000783800000| Complete 
|  57|0x0000000783900000, 0x0000000783a00000, 0x0000000783a00000|100%|HC|  |TAMS 0x0000000783a00000, 0x0000000783900000| Complete 
|  58|0x0000000783a00000, 0x0000000783b00000, 0x0000000783b00000|100%|HC|  |TAMS 0x0000000783b00000, 0x0000000783a00000| Complete 
|  59|0x0000000783b00000, 0x0000000783c00000, 0x0000000783c00000|100%|HC|  |TAMS 0x0000000783c00000, 0x0000000783b00000| Complete 
|  60|0x0000000783c00000, 0x0000000783d00000, 0x0000000783d00000|100%|HC|  |TAMS 0x0000000783d00000, 0x0000000783c00000| Complete 
|  61|0x0000000783d00000, 0x0000000783e00000, 0x0000000783e00000|100%|HC|  |TAMS 0x0000000783e00000, 0x0000000783d00000| Complete 
|  62|0x0000000783e00000, 0x0000000783f00000, 0x0000000783f00000|100%|HC|  |TAMS 0x0000000783f00000, 0x0000000783e00000| Complete 
|  63|0x0000000783f00000, 0x0000000784000000, 0x0000000784000000|100%|HC|  |TAMS 0x0000000784000000, 0x0000000783f00000| Complete 
|  64|0x0000000784000000, 0x0000000784100000, 0x0000000784100000|100%|HC|  |TAMS 0x0000000784100000, 0x0000000784000000| Complete 
|  65|0x0000000784100000, 0x0000000784200000, 0x0000000784200000|100%|HC|  |TAMS 0x0000000784200000, 0x0000000784100000| Complete 
|  66|0x0000000784200000, 0x0000000784300000, 0x0000000784300000|100%|HC|  |TAMS 0x0000000784300000, 0x0000000784200000| Complete 
|  67|0x0000000784300000, 0x0000000784400000, 0x0000000784400000|100%|HC|  |TAMS 0x0000000784400000, 0x0000000784300000| Complete 
|  68|0x0000000784400000, 0x0000000784500000, 0x0000000784500000|100%|HC|  |TAMS 0x0000000784500000, 0x0000000784400000| Complete 
|  69|0x0000000784500000, 0x0000000784600000, 0x0000000784600000|100%|HC|  |TAMS 0x0000000784600000, 0x0000000784500000| Complete 
|  70|0x0000000784600000, 0x0000000784700000, 0x0000000784700000|100%|HC|  |TAMS 0x0000000784700000, 0x0000000784600000| Complete 
|  71|0x0000000784700000, 0x0000000784800000, 0x0000000784800000|100%|HC|  |TAMS 0x0000000784800000, 0x0000000784700000| Complete 
|  72|0x0000000784800000, 0x0000000784900000, 0x0000000784900000|100%|HC|  |TAMS 0x0000000784900000, 0x0000000784800000| Complete 
|  73|0x0000000784900000, 0x0000000784a00000, 0x0000000784a00000|100%|HS|  |TAMS 0x0000000784900000, 0x0000000784900000| Complete 
|  74|0x0000000784a00000, 0x0000000784b00000, 0x0000000784b00000|100%|HC|  |TAMS 0x0000000784a00000, 0x0000000784a00000| Complete 
|  75|0x0000000784b00000, 0x0000000784c00000, 0x0000000784c00000|100%|HC|  |TAMS 0x0000000784b00000, 0x0000000784b00000| Complete 
|  76|0x0000000784c00000, 0x0000000784d00000, 0x0000000784d00000|100%|HC|  |TAMS 0x0000000784c00000, 0x0000000784c00000| Complete 
|  77|0x0000000784d00000, 0x0000000784e00000, 0x0000000784e00000|100%|HC|  |TAMS 0x0000000784d00000, 0x0000000784d00000| Complete 
|  78|0x0000000784e00000, 0x0000000784f00000, 0x0000000784f00000|100%|HC|  |TAMS 0x0000000784e00000, 0x0000000784e00000| Complete 
|  79|0x0000000784f00000, 0x0000000785000000, 0x0000000785000000|100%|HC|  |TAMS 0x0000000784f00000, 0x0000000784f00000| Complete 
|  80|0x0000000785000000, 0x0000000785100000, 0x0000000785100000|100%|HC|  |TAMS 0x0000000785000000, 0x0000000785000000| Complete 
|  81|0x0000000785100000, 0x0000000785200000, 0x0000000785200000|100%|HC|  |TAMS 0x0000000785100000, 0x0000000785100000| Complete 
|  82|0x0000000785200000, 0x0000000785300000, 0x0000000785300000|100%|HC|  |TAMS 0x0000000785200000, 0x0000000785200000| Complete 
|  83|0x0000000785300000, 0x0000000785400000, 0x0000000785400000|100%|HC|  |TAMS 0x0000000785300000, 0x0000000785300000| Complete 
|  84|0x0000000785400000, 0x0000000785500000, 0x0000000785500000|100%|HC|  |TAMS 0x0000000785400000, 0x0000000785400000| Complete 
|  85|0x0000000785500000, 0x0000000785600000, 0x0000000785600000|100%|HC|  |TAMS 0x0000000785500000, 0x0000000785500000| Complete 
|  86|0x0000000785600000, 0x0000000785700000, 0x0000000785700000|100%|HC|  |TAMS 0x0000000785600000, 0x0000000785600000| Complete 
|  87|0x0000000785700000, 0x0000000785800000, 0x0000000785800000|100%|HC|  |TAMS 0x0000000785700000, 0x0000000785700000| Complete 
|  88|0x0000000785800000, 0x0000000785900000, 0x0000000785900000|100%|HC|  |TAMS 0x0000000785800000, 0x0000000785800000| Complete 
|  89|0x0000000785900000, 0x0000000785a00000, 0x0000000785a00000|100%|HC|  |TAMS 0x0000000785900000, 0x0000000785900000| Complete 
|  90|0x0000000785a00000, 0x0000000785b00000, 0x0000000785b00000|100%|HC|  |TAMS 0x0000000785a00000, 0x0000000785a00000| Complete 
|  91|0x0000000785b00000, 0x0000000785c00000, 0x0000000785c00000|100%|HC|  |TAMS 0x0000000785b00000, 0x0000000785b00000| Complete 
|  92|0x0000000785c00000, 0x0000000785d00000, 0x0000000785d00000|100%|HC|  |TAMS 0x0000000785c00000, 0x0000000785c00000| Complete 
|  93|0x0000000785d00000, 0x0000000785e00000, 0x0000000785e00000|100%|HC|  |TAMS 0x0000000785d00000, 0x0000000785d00000| Complete 
|  94|0x0000000785e00000, 0x0000000785f00000, 0x0000000785f00000|100%|HC|  |TAMS 0x0000000785e00000, 0x0000000785e00000| Complete 
|  95|0x0000000785f00000, 0x0000000786000000, 0x0000000786000000|100%|HC|  |TAMS 0x0000000785f00000, 0x0000000785f00000| Complete 
|  96|0x0000000786000000, 0x0000000786100000, 0x0000000786100000|100%|HC|  |TAMS 0x0000000786000000, 0x0000000786000000| Complete 
|  97|0x0000000786100000, 0x0000000786200000, 0x0000000786200000|100%|HC|  |TAMS 0x0000000786100000, 0x0000000786100000| Complete 
|  98|0x0000000786200000, 0x0000000786300000, 0x0000000786300000|100%|HC|  |TAMS 0x0000000786200000, 0x0000000786200000| Complete 
|  99|0x0000000786300000, 0x0000000786400000, 0x0000000786400000|100%|HC|  |TAMS 0x0000000786300000, 0x0000000786300000| Complete 
| 100|0x0000000786400000, 0x0000000786500000, 0x0000000786500000|100%|HC|  |TAMS 0x0000000786400000, 0x0000000786400000| Complete 
| 101|0x0000000786500000, 0x0000000786600000, 0x0000000786600000|100%|HC|  |TAMS 0x0000000786500000, 0x0000000786500000| Complete 
| 102|0x0000000786600000, 0x0000000786700000, 0x0000000786700000|100%|HC|  |TAMS 0x0000000786600000, 0x0000000786600000| Complete 
| 103|0x0000000786700000, 0x0000000786800000, 0x0000000786800000|100%|HC|  |TAMS 0x0000000786700000, 0x0000000786700000| Complete 
| 104|0x0000000786800000, 0x0000000786900000, 0x0000000786900000|100%|HC|  |TAMS 0x0000000786800000, 0x0000000786800000| Complete 
| 105|0x0000000786900000, 0x0000000786a00000, 0x0000000786a00000|100%|HC|  |TAMS 0x0000000786900000, 0x0000000786900000| Complete 
| 106|0x0000000786a00000, 0x0000000786b00000, 0x0000000786b00000|100%|HC|  |TAMS 0x0000000786a00000, 0x0000000786a00000| Complete 
| 107|0x0000000786b00000, 0x0000000786c00000, 0x0000000786c00000|100%|HC|  |TAMS 0x0000000786b00000, 0x0000000786b00000| Complete 
| 108|0x0000000786c00000, 0x0000000786c00000, 0x0000000786d00000|  0%| F|  |TAMS 0x0000000786c00000, 0x0000000786c00000| Untracked 
| 109|0x0000000786d00000, 0x0000000786d00000, 0x0000000786e00000|  0%| F|  |TAMS 0x0000000786d00000, 0x0000000786d00000| Untracked 
| 110|0x0000000786e00000, 0x0000000786e00000, 0x0000000786f00000|  0%| F|  |TAMS 0x0000000786e00000, 0x0000000786e00000| Untracked 
| 111|0x0000000786f00000, 0x0000000786f00000, 0x0000000787000000|  0%| F|  |TAMS 0x0000000786f00000, 0x0000000786f00000| Untracked 
| 112|0x0000000787000000, 0x0000000787000000, 0x0000000787100000|  0%| F|  |TAMS 0x0000000787000000, 0x0000000787000000| Untracked 
| 113|0x0000000787100000, 0x0000000787100000, 0x0000000787200000|  0%| F|  |TAMS 0x0000000787100000, 0x0000000787100000| Untracked 
| 114|0x0000000787200000, 0x0000000787200000, 0x0000000787300000|  0%| F|  |TAMS 0x0000000787200000, 0x0000000787200000| Untracked 
| 115|0x0000000787300000, 0x0000000787300000, 0x0000000787400000|  0%| F|  |TAMS 0x0000000787300000, 0x0000000787300000| Untracked 
| 116|0x0000000787400000, 0x0000000787400000, 0x0000000787500000|  0%| F|  |TAMS 0x0000000787400000, 0x0000000787400000| Untracked 
| 117|0x0000000787500000, 0x0000000787500000, 0x0000000787600000|  0%| F|  |TAMS 0x0000000787500000, 0x0000000787500000| Untracked 
| 118|0x0000000787600000, 0x0000000787600000, 0x0000000787700000|  0%| F|  |TAMS 0x0000000787600000, 0x0000000787600000| Untracked 
| 119|0x0000000787700000, 0x0000000787700000, 0x0000000787800000|  0%| F|  |TAMS 0x0000000787700000, 0x0000000787700000| Untracked 
| 120|0x0000000787800000, 0x0000000787800000, 0x0000000787900000|  0%| F|  |TAMS 0x0000000787800000, 0x0000000787800000| Untracked 
| 121|0x0000000787900000, 0x0000000787900000, 0x0000000787a00000|  0%| F|  |TAMS 0x0000000787900000, 0x0000000787900000| Untracked 
| 122|0x0000000787a00000, 0x0000000787a00000, 0x0000000787b00000|  0%| F|  |TAMS 0x0000000787a00000, 0x0000000787a00000| Untracked 
| 123|0x0000000787b00000, 0x0000000787b00000, 0x0000000787c00000|  0%| F|  |TAMS 0x0000000787b00000, 0x0000000787b00000| Untracked 
| 124|0x0000000787c00000, 0x0000000787c00000, 0x0000000787d00000|  0%| F|  |TAMS 0x0000000787c00000, 0x0000000787c00000| Untracked 
| 125|0x0000000787d00000, 0x0000000787d00000, 0x0000000787e00000|  0%| F|  |TAMS 0x0000000787d00000, 0x0000000787d00000| Untracked 
| 126|0x0000000787e00000, 0x0000000787e06508, 0x0000000787f00000|  2%| S|CS|TAMS 0x0000000787e00000, 0x0000000787e00000| Complete 
| 127|0x0000000787f00000, 0x0000000788000000, 0x0000000788000000|100%| E|  |TAMS 0x0000000787f00000, 0x0000000787f00000| Complete 

Card table byte_map: [0x000000010f337000,0x000000010f737000] _byte_map_base: 0x000000010b737000

Marking Bits (Prev, Next): (CMBitMap*) 0x00007fb0b781c018, (CMBitMap*) 0x00007fb0b781c050
 Prev Bits: [0x000000010fb37000, 0x0000000111b37000)
 Next Bits: [0x0000000120d77000, 0x0000000122d77000)

Polling page: 0x0000000105087000

Metaspace:

Usage:
  Non-class:     11.20 MB capacity,    11.07 MB ( 99%) used,   114.25 KB ( <1%) free+waste,    22.44 KB ( <1%) overhead. 
      Class:      1.28 MB capacity,     1.17 MB ( 92%) used,    97.91 KB (  7%) free+waste,    10.62 KB ( <1%) overhead. 
       Both:     12.47 MB capacity,    12.24 MB ( 98%) used,   212.16 KB (  2%) free+waste,    33.06 KB ( <1%) overhead. 

Virtual space:
  Non-class space:       12.00 MB reserved,      11.50 MB ( 96%) committed 
      Class space:        1.00 GB reserved,       1.38 MB ( <1%) committed 
             Both:        1.01 GB reserved,      12.88 MB (  1%) committed 

Chunk freelists:
   Non-Class:  7.00 KB
       Class:  768 bytes
        Both:  7.75 KB

CodeHeap 'non-profiled nmethods': size=120032Kb used=314Kb max_used=314Kb free=119718Kb
 bounds [0x000000011983f000, 0x0000000119aaf000, 0x0000000120d77000]
CodeHeap 'profiled nmethods': size=120032Kb used=1988Kb max_used=1988Kb free=118044Kb
 bounds [0x0000000112307000, 0x0000000112577000, 0x000000011983f000]
CodeHeap 'non-nmethods': size=5696Kb used=1108Kb max_used=1125Kb free=4587Kb
 bounds [0x0000000111d77000, 0x0000000111fe7000, 0x0000000112307000]
 total_blobs=1691 nmethods=1038 adapters=345
 compilation: enabled
              stopped_count=0, restarted_count=0
 full_count=0

Compilation events (10 events):
Event: 1.893 Thread 0x00007fb0b6023000 nmethod 1033 0x00000001124f6f10 code [0x00000001124f7120, 0x00000001124f7948]
Event: 1.942 Thread 0x00007fb0b6009000 nmethod 1034 0x000000011988ab10 code [0x000000011988ad00, 0x000000011988c3d8]
Event: 1.942 Thread 0x00007fb0b6009000 1035       4       sun.awt.image.SunWritableRaster::markDirty (8 bytes)
Event: 1.943 Thread 0x00007fb0b6009000 nmethod 1035 0x000000011988ce10 code [0x000000011988cfa0, 0x000000011988d058]
Event: 1.945 Thread 0x00007fb0b6009000 1036       4       sun.awt.image.ByteInterleavedRaster::setDataElements (15 bytes)
Event: 1.946 Thread 0x00007fb0b6009000 nmethod 1036 0x000000011988d110 code [0x000000011988d2c0, 0x000000011988d3a8]
Event: 1.947 Thread 0x00007fb0b6009000 1037       4       sun.awt.image.ByteInterleavedRaster::getDataElements (15 bytes)
Event: 1.948 Thread 0x00007fb0b6009000 nmethod 1037 0x000000011988d490 code [0x000000011988d640, 0x000000011988d708]
Event: 2.103 Thread 0x00007fb0b6023000 1038       3       java.util.Collections$SetFromMap::add (22 bytes)
Event: 2.103 Thread 0x00007fb0b6023000 nmethod 1038 0x00000001124f7b10 code [0x00000001124f7ce0, 0x00000001124f7f68]

GC Heap History (8 events):
Event: 1.423 GC heap before
{Heap before GC invocations=0 (full 0):
 garbage-first heap   total 131072K, used 50176K [0x0000000780000000, 0x0000000800000000)
  region size 1024K, 14 young (14336K), 0 survivors (0K)
 Metaspace       used 12305K, capacity 12550K, committed 12800K, reserved 1060864K
  class space    used 1184K, capacity 1274K, committed 1280K, reserved 1048576K
}
Event: 1.428 GC heap after
{Heap after GC invocations=1 (full 0):
 garbage-first heap   total 131072K, used 38789K [0x0000000780000000, 0x0000000800000000)
  region size 1024K, 2 young (2048K), 2 survivors (2048K)
 Metaspace       used 12305K, capacity 12550K, committed 12800K, reserved 1060864K
  class space    used 1184K, capacity 1274K, committed 1280K, reserved 1048576K
}
Event: 1.594 GC heap before
{Heap before GC invocations=1 (full 0):
 garbage-first heap   total 131072K, used 54149K [0x0000000780000000, 0x0000000800000000)
  region size 1024K, 17 young (17408K), 2 survivors (2048K)
 Metaspace       used 12357K, capacity 12614K, committed 12800K, reserved 1060864K
  class space    used 1184K, capacity 1274K, committed 1280K, reserved 1048576K
}
Event: 1.597 GC heap after
{Heap after GC invocations=2 (full 0):
 garbage-first heap   total 131072K, used 39046K [0x0000000780000000, 0x0000000800000000)
  region size 1024K, 1 young (1024K), 1 survivors (1024K)
 Metaspace       used 12357K, capacity 12614K, committed 12800K, reserved 1060864K
  class space    used 1184K, capacity 1274K, committed 1280K, reserved 1048576K
}
Event: 1.869 GC heap before
{Heap before GC invocations=2 (full 0):
 garbage-first heap   total 131072K, used 61574K [0x0000000780000000, 0x0000000800000000)
  region size 1024K, 24 young (24576K), 1 survivors (1024K)
 Metaspace       used 12512K, capacity 12774K, committed 13184K, reserved 1060864K
  class space    used 1195K, capacity 1306K, committed 1408K, reserved 1048576K
}
Event: 1.869 GC heap after
{Heap after GC invocations=3 (full 0):
 garbage-first heap   total 131072K, used 38926K [0x0000000780000000, 0x0000000800000000)
  region size 1024K, 1 young (1024K), 1 survivors (1024K)
 Metaspace       used 12512K, capacity 12774K, committed 13184K, reserved 1060864K
  class space    used 1195K, capacity 1306K, committed 1408K, reserved 1048576K
}
Event: 1.988 GC heap before
{Heap before GC invocations=4 (full 0):
 garbage-first heap   total 131072K, used 74766K [0x0000000780000000, 0x0000000800000000)
  region size 1024K, 2 young (2048K), 1 survivors (1024K)
 Metaspace       used 12513K, capacity 12774K, committed 13184K, reserved 1060864K
  class space    used 1195K, capacity 1306K, committed 1408K, reserved 1048576K
}
Event: 1.988 GC heap after
{Heap after GC invocations=5 (full 0):
 garbage-first heap   total 131072K, used 74718K [0x0000000780000000, 0x0000000800000000)
  region size 1024K, 1 young (1024K), 1 survivors (1024K)
 Metaspace       used 12513K, capacity 12774K, committed 13184K, reserved 1060864K
  class space    used 1195K, capacity 1306K, committed 1408K, reserved 1048576K
}

Deoptimization events (7 events):
Event: 0.138 Thread 0x00007fb0b6801800 Uncommon trap: reason=unstable_if action=reinterpret pc=0x0000000119843ed0 method=java.lang.String.hashCode()I @ 14 c2
Event: 0.459 Thread 0x00007fb0b6801800 Uncommon trap: reason=unstable_if action=reinterpret pc=0x0000000119857a18 method=java.io.BufferedReader.read()I @ 19 c2
Event: 0.590 Thread 0x00007fb0b6801800 Uncommon trap: reason=unstable_if action=reinterpret pc=0x0000000119840194 method=java.lang.String.isLatin1()Z @ 10 c2
Event: 0.969 Thread 0x00007fb0b6801800 Uncommon trap: reason=unstable_if action=reinterpret pc=0x0000000119874fa0 method=javax.imageio.stream.FileImageInputStream.read([BII)I @ 24 c2
Event: 0.970 Thread 0x00007fb0b6801800 Uncommon trap: reason=unstable_if action=reinterpret pc=0x0000000119875ca8 method=javax.imageio.stream.FileImageInputStream.read([BII)I @ 24 c2
Event: 0.970 Thread 0x00007fb0b6801800 Uncommon trap: reason=unstable_if action=reinterpret pc=0x00000001198756f8 method=javax.imageio.stream.FileImageInputStream.read([BII)I @ 24 c2
Event: 1.868 Thread 0x00007fb0b6801800 Uncommon trap: reason=unstable_if action=reinterpret pc=0x0000000119885408 method=java.lang.Integer.equals(Ljava/lang/Object;)Z @ 18 c2

Classes redefined (0 events):
No events

Internal exceptions (10 events):
Event: 0.632 Thread 0x00007fb0b6801800 Exception <a 'java/lang/ClassNotFoundException'{0x0000000787989b00}: sun/awt/resources/spi/awtProvider> (0x0000000787989b00) thrown at [/scratch/mesos/slaves/07fc96ef-bf4d-487f-b22f-a84e49f5f44a-S15534/frameworks/1735e8a2-a1db-478c-8104-60c8b0af87dd-0196/
Event: 0.670 Thread 0x00007fb0b6801800 Exception <a 'java/io/FileNotFoundException'{0x00000007879fb8b0}> (0x00000007879fb8b0) thrown at [/scratch/mesos/slaves/07fc96ef-bf4d-487f-b22f-a84e49f5f44a-S15534/frameworks/1735e8a2-a1db-478c-8104-60c8b0af87dd-0196/executors/2de9a231-452d-4727-8e0d-602c
Event: 0.688 Thread 0x00007fb0b6801800 Exception <a 'java/lang/NoSuchMethodError'{0x0000000787856a00}: java.lang.invoke.DirectMethodHandle$Holder.invokeStatic(Ljava/lang/Object;Ljava/lang/Object;Ljava/lang/Object;Ljava/lang/Object;Ljava/lang/Object;Ljava/lang/Object;Ljava/lang/Object;Ljava/lan
Event: 0.690 Thread 0x00007fb0b6801800 Exception <a 'java/lang/NoSuchMethodError'{0x0000000787864af8}: java.lang.invoke.DirectMethodHandle$Holder.invokeStatic(Ljava/lang/Object;Ljava/lang/Object;Ljava/lang/Object;Ljava/lang/Object;Ljava/lang/Object;Ljava/lang/Object;Ljava/lang/Object;Ljava/lan
Event: 0.693 Thread 0x00007fb0b6801800 Exception <a 'java/lang/NoSuchMethodError'{0x0000000787872760}: java.lang.invoke.DirectMethodHandle$Holder.invokeSpecial(Ljava/lang/Object;Ljava/lang/Object;IILjava/lang/Object;Ljava/lang/Object;Ljava/lang/Object;)Ljava/lang/Object;> (0x0000000787872760) 
Event: 0.693 Thread 0x00007fb0b6801800 Exception <a 'java/lang/NoSuchMethodError'{0x0000000787875ce8}: java.lang.invoke.DelegatingMethodHandle$Holder.reinvoke_L(Ljava/lang/Object;IILjava/lang/Object;Ljava/lang/Object;Ljava/lang/Object;)Ljava/lang/Object;> (0x0000000787875ce8) thrown at [/scrat
Event: 0.694 Thread 0x00007fb0b6801800 Exception <a 'java/lang/NoSuchMethodError'{0x000000078787a070}: java.lang.invoke.DirectMethodHandle$Holder.invokeStatic(Ljava/lang/Object;Ljava/lang/Object;Ljava/lang/Object;Ljava/lang/Object;I)Ljava/lang/Object;> (0x000000078787a070) thrown at [/scratch/
Event: 0.706 Thread 0x00007fb0b6801800 Exception <a 'java/io/FileNotFoundException'{0x00000007878dd480}> (0x00000007878dd480) thrown at [/scratch/mesos/slaves/07fc96ef-bf4d-487f-b22f-a84e49f5f44a-S15534/frameworks/1735e8a2-a1db-478c-8104-60c8b0af87dd-0196/executors/2de9a231-452d-4727-8e0d-602c
Event: 0.901 Thread 0x00007fb0b6801800 Exception <a 'java/lang/NoSuchMethodError'{0x0000000787559860}: java.lang.invoke.DirectMethodHandle$Holder.invokeSpecial(Ljava/lang/Object;Ljava/lang/Object;Ljava/lang/Object;ILjava/lang/Object;)Ljava/lang/Object;> (0x0000000787559860) thrown at [/scratch
Event: 0.902 Thread 0x00007fb0b6801800 Exception <a 'java/lang/NoSuchMethodError'{0x0000000787563800}: java.lang.invoke.Invokers$Holder.linkToTargetMethod(Ljava/lang/Object;ILjava/lang/Object;Ljava/lang/Object;)Ljava/lang/Object;> (0x0000000787563800) thrown at [/scratch/mesos/slaves/07fc96ef-

Events (10 events):
Event: 2.008 Executing VM operation: RevokeBias
Event: 2.008 Executing VM operation: RevokeBias done
Event: 2.011 Executing VM operation: CGC_Operation
Event: 2.011 Executing VM operation: CGC_Operation done
Event: 2.093 loading class java/nio/DirectByteBuffer$Deallocator
Event: 2.093 loading class java/nio/DirectByteBuffer$Deallocator done
Event: 2.103 loading class java/lang/StrictMath
Event: 2.103 loading class java/lang/StrictMath done
Event: 2.103 loading class com/sun/jna/Native$Buffers
Event: 2.103 loading class com/sun/jna/Native$Buffers done


Dynamic libraries:
0x00007fff377cf000 	/System/Library/Frameworks/Cocoa.framework/Versions/A/Cocoa
0x00007fff44d9b000 	/System/Library/Frameworks/Security.framework/Versions/A/Security
0x00007fff3675a000 	/System/Library/Frameworks/ApplicationServices.framework/Versions/A/ApplicationServices
0x00007fff6f180000 	/usr/lib/libz.1.dylib
0x00007fff6cc53000 	/usr/lib/libSystem.B.dylib
0x00007fff38745000 	/System/Library/Frameworks/CoreFoundation.framework/Versions/A/CoreFoundation
0x00007fff3ae0a000 	/System/Library/Frameworks/Foundation.framework/Versions/C/Foundation
0x00007fff6eaa4000 	/usr/lib/libobjc.A.dylib
0x00007fff3594f000 	/System/Library/Frameworks/AppKit.framework/Versions/C/AppKit
0x00007fff38252000 	/System/Library/Frameworks/CoreData.framework/Versions/A/CoreData
0x00007fff694fe000 	/System/Library/PrivateFrameworks/UIFoundation.framework/Versions/A/UIFoundation
0x00007fff63ce9000 	/System/Library/PrivateFrameworks/RemoteViewServices.framework/Versions/A/RemoteViewServices
0x00007fff6bf8e000 	/System/Library/PrivateFrameworks/XCTTargetBootstrap.framework/Versions/A/XCTTargetBootstrap
0x00007fff38635000 	/System/Library/Frameworks/CoreDisplay.framework/Versions/A/CoreDisplay
0x00007fff3db82000 	/System/Library/Frameworks/Metal.framework/Versions/A/Metal
0x00007fff5210a000 	/System/Library/PrivateFrameworks/DesktopServicesPriv.framework/Versions/A/DesktopServicesPriv
0x00007fff6dd89000 	/usr/lib/liblangid.dylib
0x00007fff51261000 	/System/Library/PrivateFrameworks/CoreSVG.framework/Versions/A/CoreSVG
0x00007fff66aab000 	/System/Library/PrivateFrameworks/SkyLight.framework/Versions/A/SkyLight
0x00007fff38bc7000 	/System/Library/Frameworks/CoreGraphics.framework/Versions/A/CoreGraphics
0x00007fff344ee000 	/System/Library/Frameworks/Accelerate.framework/Versions/A/Accelerate
0x00007fff6f071000 	/usr/lib/libxml2.2.dylib
0x00007fff5ce28000 	/System/Library/PrivateFrameworks/IconServices.framework/Versions/A/IconServices
0x00007fff3b5ee000 	/System/Library/Frameworks/IOSurface.framework/Versions/A/IOSurface
0x00007fff6c78b000 	/usr/lib/libDiagnosticMessagesClient.dylib
0x00007fff51f83000 	/System/Library/PrivateFrameworks/DFRFoundation.framework/Versions/A/DFRFoundation
0x00007fff6db17000 	/usr/lib/libicucore.A.dylib
0x00007fff36a8c000 	/System/Library/Frameworks/AudioToolbox.framework/Versions/A/AudioToolbox
0x00007fff36b6e000 	/System/Library/Frameworks/AudioUnit.framework/Versions/A/AudioUnit
0x00007fff6ce54000 	/usr/lib/libauto.dylib
0x00007fff52004000 	/System/Library/PrivateFrameworks/DataDetectorsCore.framework/Versions/A/DataDetectorsCore
0x00007fff372ef000 	/System/Library/Frameworks/Carbon.framework/Versions/A/Frameworks/HIToolbox.framework/Versions/A/HIToolbox
0x00007fff43fcd000 	/System/Library/Frameworks/QuartzCore.framework/Versions/A/QuartzCore
0x00007fff3762e000 	/System/Library/Frameworks/Carbon.framework/Versions/A/Frameworks/SpeechRecognition.framework/Versions/A/SpeechRecognition
0x00007fff51909000 	/System/Library/PrivateFrameworks/CoreUI.framework/Versions/A/CoreUI
0x00007fff37cb8000 	/System/Library/Frameworks/CoreAudio.framework/Versions/A/CoreAudio
0x00007fff3aad2000 	/System/Library/Frameworks/DiskArbitration.framework/Versions/A/DiskArbitration
0x00007fff5ee3c000 	/System/Library/PrivateFrameworks/MultitouchSupport.framework/Versions/A/MultitouchSupport
0x00007fff6d9dd000 	/usr/lib/libenergytrace.dylib
0x00007fff3b549000 	/System/Library/Frameworks/IOKit.framework/Versions/A/IOKit
0x00007fff39b35000 	/System/Library/Frameworks/CoreServices.framework/Versions/A/CoreServices
0x00007fff60f46000 	/System/Library/PrivateFrameworks/PerformanceAnalysis.framework/Versions/A/PerformanceAnalysis
0x00007fff43003000 	/System/Library/Frameworks/OpenGL.framework/Versions/A/OpenGL
0x00007fff377dd000 	/System/Library/Frameworks/ColorSync.framework/Versions/A/ColorSync
0x00007fff3924e000 	/System/Library/Frameworks/CoreImage.framework/Versions/A/CoreImage
0x00007fff3a5ab000 	/System/Library/Frameworks/CoreText.framework/Versions/A/CoreText
0x00007fff3b674000 	/System/Library/Frameworks/ImageIO.framework/Versions/A/ImageIO
0x00007fff6cf39000 	/usr/lib/libc++.1.dylib
0x00007fff6cfb5000 	/usr/lib/libcompression.dylib
0x00007fff6cacd000 	/usr/lib/libMobileGestalt.dylib
0x00007fff685e0000 	/System/Library/PrivateFrameworks/TextureIO.framework/Versions/A/TextureIO
0x00007fff6cdba000 	/usr/lib/libate.dylib
0x00007fff5d031000 	/System/Library/PrivateFrameworks/InternationalSupport.framework/Versions/A/InternationalSupport
0x00007fff6fbf6000 	/usr/lib/system/libcache.dylib
0x00007fff6fbfc000 	/usr/lib/system/libcommonCrypto.dylib
0x00007fff6fc08000 	/usr/lib/system/libcompiler_rt.dylib
0x00007fff6fc10000 	/usr/lib/system/libcopyfile.dylib
0x00007fff6fc1a000 	/usr/lib/system/libcorecrypto.dylib
0x00007fff6fdc8000 	/usr/lib/system/libdispatch.dylib
0x00007fff6fe0a000 	/usr/lib/system/libdyld.dylib
0x00007fff6fe40000 	/usr/lib/system/libkeymgr.dylib
0x00007fff6fe4e000 	/usr/lib/system/liblaunch.dylib
0x00007fff6fe4f000 	/usr/lib/system/libmacho.dylib
0x00007fff6fe55000 	/usr/lib/system/libquarantine.dylib
0x00007fff6fe58000 	/usr/lib/system/libremovefile.dylib
0x00007fff6fe5a000 	/usr/lib/system/libsystem_asl.dylib
0x00007fff6fe72000 	/usr/lib/system/libsystem_blocks.dylib
0x00007fff6fe73000 	/usr/lib/system/libsystem_c.dylib
0x00007fff6fefb000 	/usr/lib/system/libsystem_configuration.dylib
0x00007fff6feff000 	/usr/lib/system/libsystem_coreservices.dylib
0x00007fff6ff03000 	/usr/lib/system/libsystem_darwin.dylib
0x00007fff6ff0c000 	/usr/lib/system/libsystem_dnssd.dylib
0x00007fff6ff14000 	/usr/lib/system/libsystem_featureflags.dylib
0x00007fff6ff16000 	/usr/lib/system/libsystem_info.dylib
0x00007fff6ff91000 	/usr/lib/system/libsystem_m.dylib
0x00007fff6ffd9000 	/usr/lib/system/libsystem_malloc.dylib
0x00007fff70001000 	/usr/lib/system/libsystem_networkextension.dylib
0x00007fff7000f000 	/usr/lib/system/libsystem_notify.dylib
0x00007fff7002e000 	/usr/lib/system/libsystem_sandbox.dylib
0x00007fff70033000 	/usr/lib/system/libsystem_secinit.dylib
0x00007fff6ff64000 	/usr/lib/system/libsystem_kernel.dylib
0x00007fff70019000 	/usr/lib/system/libsystem_platform.dylib
0x00007fff70023000 	/usr/lib/system/libsystem_pthread.dylib
0x00007fff70036000 	/usr/lib/system/libsystem_symptoms.dylib
0x00007fff7003e000 	/usr/lib/system/libsystem_trace.dylib
0x00007fff70056000 	/usr/lib/system/libunwind.dylib
0x00007fff7005c000 	/usr/lib/system/libxpc.dylib
0x00007fff6cf8d000 	/usr/lib/libc++abi.dylib
0x00007fff6dd8b000 	/usr/lib/liblzma.5.dylib
0x00007fff6da05000 	/usr/lib/libfakelink.dylib
0x00007fff6cd47000 	/usr/lib/libarchive.2.dylib
0x00007fff45f3b000 	/System/Library/Frameworks/SystemConfiguration.framework/Versions/A/SystemConfiguration
0x00007fff6c6bc000 	/usr/lib/libCRFSuite.dylib
0x00007fff36ee4000 	/System/Library/Frameworks/CFNetwork.framework/Versions/A/CFNetwork
0x00007fff6cf1b000 	/usr/lib/libbsm.0.dylib
0x00007fff6fe41000 	/usr/lib/system/libkxld.dylib
0x00007fff4ba45000 	/System/Library/PrivateFrameworks/AppleFSCompression.framework/Versions/A/AppleFSCompression
0x00007fff6d29c000 	/usr/lib/libcoretls.dylib
0x00007fff6d2b3000 	/usr/lib/libcoretls_cfhelpers.dylib
0x00007fff6eae8000 	/usr/lib/libpam.2.dylib
0x00007fff6ec1b000 	/usr/lib/libsqlite3.dylib
0x00007fff6f05e000 	/usr/lib/libxar.1.dylib
0x00007fff6cf2c000 	/usr/lib/libbz2.1.0.dylib
0x00007fff6da26000 	/usr/lib/libiconv.2.dylib
0x00007fff6cfa2000 	/usr/lib/libcharset.1.dylib
0x00007fff6e58f000 	/usr/lib/libnetwork.dylib
0x00007fff6eaef000 	/usr/lib/libpcap.A.dylib
0x00007fff6ccfc000 	/usr/lib/libapple_nghttp2.dylib
0x00007fff39eec000 	/System/Library/Frameworks/CoreServices.framework/Versions/A/Frameworks/FSEvents.framework/Versions/A/FSEvents
0x00007fff39bbc000 	/System/Library/Frameworks/CoreServices.framework/Versions/A/Frameworks/CarbonCore.framework/Versions/A/CarbonCore
0x00007fff3a12f000 	/System/Library/Frameworks/CoreServices.framework/Versions/A/Frameworks/Metadata.framework/Versions/A/Metadata
0x00007fff3a1c8000 	/System/Library/Frameworks/CoreServices.framework/Versions/A/Frameworks/OSServices.framework/Versions/A/OSServices
0x00007fff3a1f6000 	/System/Library/Frameworks/CoreServices.framework/Versions/A/Frameworks/SearchKit.framework/Versions/A/SearchKit
0x00007fff39b36000 	/System/Library/Frameworks/CoreServices.framework/Versions/A/Frameworks/AE.framework/Versions/A/AE
0x00007fff39ef5000 	/System/Library/Frameworks/CoreServices.framework/Versions/A/Frameworks/LaunchServices.framework/Versions/A/LaunchServices
0x00007fff39e9e000 	/System/Library/Frameworks/CoreServices.framework/Versions/A/Frameworks/DictionaryServices.framework/Versions/A/DictionaryServices
0x00007fff3a25e000 	/System/Library/Frameworks/CoreServices.framework/Versions/A/Frameworks/SharedFileList.framework/Versions/A/SharedFileList
0x00007fff3ee57000 	/System/Library/Frameworks/NetFS.framework/Versions/A/NetFS
0x00007fff5f369000 	/System/Library/PrivateFrameworks/NetAuth.framework/Versions/A/NetAuth
0x00007fff6c359000 	/System/Library/PrivateFrameworks/login.framework/Versions/A/Frameworks/loginsupport.framework/Versions/A/loginsupport
0x00007fff680db000 	/System/Library/PrivateFrameworks/TCC.framework/Versions/A/TCC
0x00007fff50630000 	/System/Library/PrivateFrameworks/CoreNLP.framework/Versions/A/CoreNLP
0x00007fff5e86c000 	/System/Library/PrivateFrameworks/MetadataUtilities.framework/Versions/A/MetadataUtilities
0x00007fff6de63000 	/usr/lib/libmecabra.dylib
0x00007fff6ddbb000 	/usr/lib/libmecab.dylib
0x00007fff6da16000 	/usr/lib/libgermantok.dylib
0x00007fff6cce3000 	/usr/lib/libThaiTokenizer.dylib
0x00007fff6c6f4000 	/usr/lib/libChineseTokenizer.dylib
0x00007fff34506000 	/System/Library/Frameworks/Accelerate.framework/Versions/A/Frameworks/vImage.framework/Versions/A/vImage
0x00007fff357a9000 	/System/Library/Frameworks/Accelerate.framework/Versions/A/Frameworks/vecLib.framework/Versions/A/vecLib
0x00007fff356ed000 	/System/Library/Frameworks/Accelerate.framework/Versions/A/Frameworks/vecLib.framework/Versions/A/libvMisc.dylib
0x00007fff35513000 	/System/Library/Frameworks/Accelerate.framework/Versions/A/Frameworks/vecLib.framework/Versions/A/libvDSP.dylib
0x00007fff34b72000 	/System/Library/Frameworks/Accelerate.framework/Versions/A/Frameworks/vecLib.framework/Versions/A/libBLAS.dylib
0x00007fff350cd000 	/System/Library/Frameworks/Accelerate.framework/Versions/A/Frameworks/vecLib.framework/Versions/A/libLAPACK.dylib
0x00007fff35473000 	/System/Library/Frameworks/Accelerate.framework/Versions/A/Frameworks/vecLib.framework/Versions/A/libLinearAlgebra.dylib
0x00007fff35500000 	/System/Library/Frameworks/Accelerate.framework/Versions/A/Frameworks/vecLib.framework/Versions/A/libSparseBLAS.dylib
0x00007fff35489000 	/System/Library/Frameworks/Accelerate.framework/Versions/A/Frameworks/vecLib.framework/Versions/A/libQuadrature.dylib
0x00007fff34ddc000 	/System/Library/Frameworks/Accelerate.framework/Versions/A/Frameworks/vecLib.framework/Versions/A/libBNNS.dylib
0x00007fff3548f000 	/System/Library/Frameworks/Accelerate.framework/Versions/A/Frameworks/vecLib.framework/Versions/A/libSparse.dylib
0x00007fff5d3f0000 	/System/Library/PrivateFrameworks/LanguageModeling.framework/Versions/A/LanguageModeling
0x00007fff4ffcc000 	/System/Library/PrivateFrameworks/CoreEmoji.framework/Versions/A/CoreEmoji
0x00007fff5d50e000 	/System/Library/PrivateFrameworks/LinguisticData.framework/Versions/A/LinguisticData
0x00007fff5d4bf000 	/System/Library/PrivateFrameworks/Lexicon.framework/Versions/A/Lexicon
0x00007fff6cfa3000 	/usr/lib/libcmph.dylib
0x00007fff41a29000 	/System/Library/Frameworks/OpenDirectory.framework/Versions/A/Frameworks/CFOpenDirectory.framework/Versions/A/CFOpenDirectory
0x00007fff41a46000 	/System/Library/Frameworks/OpenDirectory.framework/Versions/A/OpenDirectory
0x00007fff49d14000 	/System/Library/PrivateFrameworks/APFS.framework/Versions/A/APFS
0x00007fff450ee000 	/System/Library/Frameworks/SecurityFoundation.framework/Versions/A/SecurityFoundation
0x00007fff6f05a000 	/usr/lib/libutil.dylib
0x00007fff512b9000 	/System/Library/PrivateFrameworks/CoreServicesStore.framework/Versions/A/CoreServicesStore
0x00007fff451a6000 	/System/Library/Frameworks/ServiceManagement.framework/Versions/A/ServiceManagement
0x00007fff4d1fc000 	/System/Library/PrivateFrameworks/BackgroundTaskManagement.framework/Versions/A/BackgroundTaskManagement
0x00007fff6f157000 	/usr/lib/libxslt.1.dylib
0x00007fff4c0aa000 	/System/Library/PrivateFrameworks/AppleSystemInfo.framework/Versions/A/AppleSystemInfo
0x00007fff3b891000 	/System/Library/Frameworks/ImageIO.framework/Versions/A/Resources/libJPEG.dylib
0x00007fff3bb50000 	/System/Library/Frameworks/ImageIO.framework/Versions/A/Resources/libTIFF.dylib
0x00007fff3bb33000 	/System/Library/Frameworks/ImageIO.framework/Versions/A/Resources/libPng.dylib
0x00007fff3b7d2000 	/System/Library/Frameworks/ImageIO.framework/Versions/A/Resources/libGIF.dylib
0x00007fff3b7d6000 	/System/Library/Frameworks/ImageIO.framework/Versions/A/Resources/libJP2.dylib
0x00007fff3bb4e000 	/System/Library/Frameworks/ImageIO.framework/Versions/A/Resources/libRadiance.dylib
0x00007fff6d9de000 	/usr/lib/libexpat.1.dylib
0x00007fff4bba0000 	/System/Library/PrivateFrameworks/AppleJPEG.framework/Versions/A/AppleJPEG
0x00007fff54526000 	/System/Library/PrivateFrameworks/FontServices.framework/libFontParser.dylib
0x00007fff6b3b0000 	/System/Library/PrivateFrameworks/WatchdogClient.framework/Versions/A/WatchdogClient
0x00007fff5ca7d000 	/System/Library/PrivateFrameworks/IOAccelerator.framework/Versions/A/IOAccelerator
0x00007fff3df10000 	/System/Library/Frameworks/MetalPerformanceShaders.framework/Versions/A/MetalPerformanceShaders
0x00007fff59274000 	/System/Library/PrivateFrameworks/GPUWrangler.framework/Versions/A/GPUWrangler
0x00007fff5ca88000 	/System/Library/PrivateFrameworks/IOPresentment.framework/Versions/A/IOPresentment
0x00007fff51f96000 	/System/Library/PrivateFrameworks/DSExternalDisplay.framework/Versions/A/DSExternalDisplay
0x00007fff423af000 	/System/Library/Frameworks/OpenGL.framework/Versions/A/Libraries/libCoreFSCache.dylib
0x00007fff3dc62000 	/System/Library/Frameworks/MetalPerformanceShaders.framework/Frameworks/MPSCore.framework/Versions/A/MPSCore
0x00007fff3dc9f000 	/System/Library/Frameworks/MetalPerformanceShaders.framework/Frameworks/MPSImage.framework/Versions/A/MPSImage
0x00007fff3dd61000 	/System/Library/Frameworks/MetalPerformanceShaders.framework/Frameworks/MPSNeuralNetwork.framework/Versions/A/MPSNeuralNetwork
0x00007fff3dd26000 	/System/Library/Frameworks/MetalPerformanceShaders.framework/Frameworks/MPSMatrix.framework/Versions/A/MPSMatrix
0x00007fff3dec1000 	/System/Library/Frameworks/MetalPerformanceShaders.framework/Frameworks/MPSRayIntersector.framework/Versions/A/MPSRayIntersector
0x00007fff3dd4b000 	/System/Library/Frameworks/MetalPerformanceShaders.framework/Frameworks/MPSNDArray.framework/Versions/A/MPSNDArray
0x00007fff5e8b9000 	/System/Library/PrivateFrameworks/MetalTools.framework/Versions/A/MetalTools
0x00007fff4aecb000 	/System/Library/PrivateFrameworks/AggregateDictionary.framework/Versions/A/AggregateDictionary
0x00007fff4fa56000 	/System/Library/PrivateFrameworks/CoreAnalytics.framework/Versions/A/CoreAnalytics
0x00007fff4bfc8000 	/System/Library/PrivateFrameworks/AppleSauce.framework/Versions/A/AppleSauce
0x00007fff6c9b0000 	/usr/lib/libIOReport.dylib
0x00007fff3a760000 	/System/Library/Frameworks/CoreVideo.framework/Versions/A/CoreVideo
0x00007fff5a6e0000 	/System/Library/PrivateFrameworks/GraphVisualizer.framework/Versions/A/GraphVisualizer
0x00007fff53aa7000 	/System/Library/PrivateFrameworks/FaceCore.framework/Versions/A/FaceCore
0x00007fff419d0000 	/System/Library/Frameworks/OpenCL.framework/Versions/A/OpenCL
0x00007fff6c7d2000 	/usr/lib/libFosl_dynamic.dylib
0x00007fff5fd64000 	/System/Library/PrivateFrameworks/OTSVG.framework/Versions/A/OTSVG
0x00007fff3685f000 	/System/Library/Frameworks/ApplicationServices.framework/Versions/A/Frameworks/ATS.framework/Versions/A/Resources/libFontRegistry.dylib
0x00007fff546f7000 	/System/Library/PrivateFrameworks/FontServices.framework/libhvf.dylib
0x00007fff423ba000 	/System/Library/Frameworks/OpenGL.framework/Versions/A/Libraries/libGFXShared.dylib
0x00007fff42597000 	/System/Library/Frameworks/OpenGL.framework/Versions/A/Libraries/libGLU.dylib
0x00007fff423c3000 	/System/Library/Frameworks/OpenGL.framework/Versions/A/Libraries/libGL.dylib
0x00007fff423ce000 	/System/Library/Frameworks/OpenGL.framework/Versions/A/Libraries/libGLImage.dylib
0x00007fff423ac000 	/System/Library/Frameworks/OpenGL.framework/Versions/A/Libraries/libCVMSPluginSupport.dylib
0x00007fff423b5000 	/System/Library/Frameworks/OpenGL.framework/Versions/A/Libraries/libCoreVMClient.dylib
0x00007fff6e431000 	/usr/lib/libncurses.5.4.dylib
0x00007fff3675b000 	/System/Library/Frameworks/ApplicationServices.framework/Versions/A/Frameworks/ATS.framework/Versions/A/ATS
0x00007fff36928000 	/System/Library/Frameworks/ApplicationServices.framework/Versions/A/Frameworks/ColorSyncLegacy.framework/Versions/A/ColorSyncLegacy
0x00007fff369c7000 	/System/Library/Frameworks/ApplicationServices.framework/Versions/A/Frameworks/HIServices.framework/Versions/A/HIServices
0x00007fff36a1e000 	/System/Library/Frameworks/ApplicationServices.framework/Versions/A/Frameworks/LangAnalysis.framework/Versions/A/LangAnalysis
0x00007fff36a2d000 	/System/Library/Frameworks/ApplicationServices.framework/Versions/A/Frameworks/PrintCore.framework/Versions/A/PrintCore
0x00007fff36a73000 	/System/Library/Frameworks/ApplicationServices.framework/Versions/A/Frameworks/QD.framework/Versions/A/QD
0x00007fff36a7e000 	/System/Library/Frameworks/ApplicationServices.framework/Versions/A/Frameworks/SpeechSynthesis.framework/Versions/A/SpeechSynthesis
0x00007fff368f8000 	/System/Library/Frameworks/ApplicationServices.framework/Versions/A/Frameworks/ATSUI.framework/Versions/A/ATSUI
0x00007fff6d872000 	/usr/lib/libcups.2.dylib
0x00007fff3cfbf000 	/System/Library/Frameworks/Kerberos.framework/Versions/A/Kerberos
0x00007fff3b23f000 	/System/Library/Frameworks/GSS.framework/Versions/A/GSS
0x00007fff6eba7000 	/usr/lib/libresolv.9.dylib
0x00007fff5a881000 	/System/Library/PrivateFrameworks/Heimdal.framework/Versions/A/Heimdal
0x00007fff3cfd2000 	/System/Library/Frameworks/Kerberos.framework/Versions/A/Libraries/libHeimdalProxy.dylib
0x00007fff6da1c000 	/usr/lib/libheimdal-asn1.dylib
0x00007fff4eefc000 	/System/Library/PrivateFrameworks/CommonAuth.framework/Versions/A/CommonAuth
0x00007fff4c147000 	/System/Library/PrivateFrameworks/AssertionServices.framework/Versions/A/AssertionServices
0x00007fff4ccea000 	/System/Library/PrivateFrameworks/AudioToolboxCore.framework/Versions/A/AudioToolboxCore
0x00007fff6c00a000 	/System/Library/PrivateFrameworks/caulk.framework/Versions/A/caulk
0x00007fff4d2a8000 	/System/Library/PrivateFrameworks/BaseBoard.framework/Versions/A/BaseBoard
0x00007fff63e78000 	/System/Library/PrivateFrameworks/RunningBoardServices.framework/Versions/A/RunningBoardServices
0x00007fff60f52000 	/System/Library/PrivateFrameworks/PersistentConnection.framework/Versions/A/PersistentConnection
0x00007fff638c7000 	/System/Library/PrivateFrameworks/ProtocolBuffer.framework/Versions/A/ProtocolBuffer
0x00007fff4ef21000 	/System/Library/PrivateFrameworks/CommonUtilities.framework/Versions/A/CommonUtilities
0x00007fff4d42b000 	/System/Library/PrivateFrameworks/Bom.framework/Versions/A/Bom
0x00007fff6c67f000 	/usr/lib/libAudioToolboxUtility.dylib
0x00007fff4d206000 	/System/Library/PrivateFrameworks/Backup.framework/Versions/A/Backup
0x00007fff51d06000 	/System/Library/PrivateFrameworks/CrashReporterSupport.framework/Versions/A/CrashReporterSupport
0x00007fff6596f000 	/System/Library/PrivateFrameworks/Sharing.framework/Versions/A/Sharing
0x00007fff4b8eb000 	/System/Library/PrivateFrameworks/Apple80211.framework/Versions/A/Apple80211
0x00007fff4cf28000 	/System/Library/PrivateFrameworks/AuthKit.framework/Versions/A/AuthKit
0x00007fff51a36000 	/System/Library/PrivateFrameworks/CoreUtils.framework/Versions/A/CoreUtils
0x00007fff3a7a5000 	/System/Library/Frameworks/CoreWLAN.framework/Versions/A/CoreWLAN
0x00007fff3b3ca000 	/System/Library/Frameworks/IOBluetooth.framework/Versions/A/IOBluetooth
0x00007fff5ebb7000 	/System/Library/PrivateFrameworks/MobileKeyBag.framework/Versions/A/MobileKeyBag
0x00007fff50b0c000 	/System/Library/PrivateFrameworks/CorePhoneNumbers.framework/Versions/A/CorePhoneNumbers
0x00007fff4bb53000 	/System/Library/PrivateFrameworks/AppleIDAuthSupport.framework/Versions/A/AppleIDAuthSupport
0x00007fff3ee64000 	/System/Library/Frameworks/Network.framework/Versions/A/Network
0x00007fff5d278000 	/System/Library/PrivateFrameworks/KeychainCircle.framework/Versions/A/KeychainCircle
0x00007fff3821a000 	/System/Library/Frameworks/CoreBluetooth.framework/Versions/A/CoreBluetooth
0x00007fff675eb000 	/System/Library/PrivateFrameworks/SpeechRecognitionCore.framework/Versions/A/SpeechRecognitionCore
0x0000000105a00000 	/Library/Java/JavaVirtualMachines/openjdk-11.0.2.jdk/Contents/Home/lib/server/libjvm.dylib
0x0000000105036000 	/Library/Java/JavaVirtualMachines/openjdk-11.0.2.jdk/Contents/Home/lib/libverify.dylib
0x0000000105042000 	/Library/Java/JavaVirtualMachines/openjdk-11.0.2.jdk/Contents/Home/lib/libjava.dylib
0x00000001050d1000 	/Library/Java/JavaVirtualMachines/openjdk-11.0.2.jdk/Contents/Home/lib/libzip.dylib
0x00000001050d9000 	/Library/Java/JavaVirtualMachines/openjdk-11.0.2.jdk/Contents/Home/lib/libjimage.dylib
0x0000000111c62000 	/Library/Java/JavaVirtualMachines/openjdk-11.0.2.jdk/Contents/Home/lib/libnio.dylib
0x00000001275dc000 	/Library/Java/JavaVirtualMachines/openjdk-11.0.2.jdk/Contents/Home/lib/libnet.dylib
0x000000012788b000 	/Library/Java/JavaVirtualMachines/openjdk-11.0.2.jdk/Contents/Home/lib/libawt.dylib
0x0000000127925000 	/Library/Java/JavaVirtualMachines/openjdk-11.0.2.jdk/Contents/Home/lib/libmlib_image.dylib
0x00007fff3cfa8000 	/System/Library/Frameworks/JavaVM.framework/Versions/A/Frameworks/JavaNativeFoundation.framework/Versions/A/JavaNativeFoundation
0x00007fff3cfb1000 	/System/Library/Frameworks/JavaVM.framework/Versions/A/Frameworks/JavaRuntimeSupport.framework/Versions/A/JavaRuntimeSupport
0x00007fff3cfba000 	/System/Library/Frameworks/JavaVM.framework/Versions/A/JavaVM
0x00007fff5d0db000 	/System/Library/PrivateFrameworks/JavaLaunching.framework/Versions/A/JavaLaunching
0x00007fff372ea000 	/System/Library/Frameworks/Carbon.framework/Versions/A/Carbon
0x00007fff517ea000 	/System/Library/PrivateFrameworks/CoreSymbolication.framework/Versions/A/CoreSymbolication
0x00007fff372eb000 	/System/Library/Frameworks/Carbon.framework/Versions/A/Frameworks/CommonPanels.framework/Versions/A/CommonPanels
0x00007fff375e4000 	/System/Library/Frameworks/Carbon.framework/Versions/A/Frameworks/Help.framework/Versions/A/Help
0x00007fff375e8000 	/System/Library/Frameworks/Carbon.framework/Versions/A/Frameworks/ImageCapture.framework/Versions/A/ImageCapture
0x00007fff375ef000 	/System/Library/Frameworks/Carbon.framework/Versions/A/Frameworks/OpenScripting.framework/Versions/A/OpenScripting
0x00007fff375ee000 	/System/Library/Frameworks/Carbon.framework/Versions/A/Frameworks/Ink.framework/Versions/A/Ink
0x00007fff3762a000 	/System/Library/Frameworks/Carbon.framework/Versions/A/Frameworks/Print.framework/Versions/A/Print
0x00007fff3762b000 	/System/Library/Frameworks/Carbon.framework/Versions/A/Frameworks/SecurityHI.framework/Versions/A/SecurityHI
0x00007fff520cb000 	/System/Library/PrivateFrameworks/DebugSymbols.framework/Versions/A/DebugSymbols
0x000000012798b000 	/Library/Java/JavaVirtualMachines/openjdk-11.0.2.jdk/Contents/Home/lib/libawt_lwawt.dylib
0x0000000127a38000 	/Library/Java/JavaVirtualMachines/openjdk-11.0.2.jdk/Contents/Home/lib/libosxapp.dylib
0x00007fff3acad000 	/System/Library/Frameworks/ExceptionHandling.framework/Versions/A/ExceptionHandling
0x0000000127ae8000 	/Library/Java/JavaVirtualMachines/openjdk-11.0.2.jdk/Contents/Home/lib/libjavajpeg.dylib
0x0000000127bb1000 	/Library/Java/JavaVirtualMachines/openjdk-11.0.2.jdk/Contents/Home/lib/liblcms.dylib
0x0000000127bfa000 	/Users/natashasinghvi/Library/Caches/JNA/temp/jna4989747793276273843.tmp
0x0000000127eaf000 	/usr/local/Cellar/tesseract/4.1.1/lib/libtesseract.4.dylib
0x000000012812d000 	/usr/local/opt/leptonica/lib/liblept.5.dylib
0x00007fff6d8d3000 	/usr/lib/libcurl.4.dylib
0x0000000127c58000 	/usr/local/opt/libpng/lib/libpng16.16.dylib
0x000000012833d000 	/usr/local/opt/jpeg/lib/libjpeg.9.dylib
0x00000001051e7000 	/usr/local/opt/giflib/lib/libgif.dylib
0x0000000128373000 	/usr/local/opt/libtiff/lib/libtiff.5.dylib
0x0000000111c4e000 	/usr/local/opt/webp/lib/libwebpmux.3.dylib
0x00000001283e0000 	/usr/local/opt/webp/lib/libwebp.7.dylib
0x0000000128442000 	/usr/local/opt/openjpeg/lib/libopenjp2.7.dylib
0x00007fff6d758000 	/usr/lib/libcrypto.44.dylib
0x00007fff6eefc000 	/usr/lib/libssl.46.dylib
0x00007fff3cfd3000 	/System/Library/Frameworks/LDAP.framework/Versions/A/LDAP
0x00007fff68824000 	/System/Library/PrivateFrameworks/TrustEvaluationAgent.framework/Versions/A/TrustEvaluationAgent
0x00007fff6ec06000 	/usr/lib/libsasl2.2.dylib
0x00007fff4fd40000 	/System/Library/PrivateFrameworks/CoreDaemon.framework/Versions/B/CoreDaemon
0x00007fff4bfc3000 	/System/Library/PrivateFrameworks/AppleSRP.framework/Versions/A/AppleSRP


VM Arguments:
jvm_args: -Dfile.encoding=UTF-8 -Duser.country=US -Duser.language=en -Duser.variant 
java_command: com.boggle.BoggleBoardGenerator
java_class_path (initial): /Users/natashasinghvi/Documents/boggle/build/classes/java/main:/Users/natashasinghvi/Documents/boggle/build/resources/main:/Users/natashasinghvi/.gradle/caches/modules-2/files-2.1/net.sourceforge.tess4j/tess4j/4.5.1/36cbd63085aae3fab9eda4fd094a45337b1dbe10/tess4j-4.5.1.jar:/Users/natashasinghvi/.gradle/caches/modules-2/files-2.1/org.ghost4j/ghost4j/1.0.1/a026bc023a623b43df336670ceb00eba355bbc81/ghost4j-1.0.1.jar:/Users/natashasinghvi/.gradle/caches/modules-2/files-2.1/net.sourceforge.lept4j/lept4j/1.13.0/681521411b1a5be417fd6e33a92ccd60d6484e6d/lept4j-1.13.0.jar:/Users/natashasinghvi/.gradle/caches/modules-2/files-2.1/net.java.dev.jna/jna/5.5.0/e0845217c4907822403912ad6828d8e0b256208/jna-5.5.0.jar:/Users/natashasinghvi/.gradle/caches/modules-2/files-2.1/com.github.jai-imageio/jai-imageio-core/1.4.0/fb6d79b929556362a241b2f65a04e538062f0077/jai-imageio-core-1.4.0.jar:/Users/natashasinghvi/.gradle/caches/modules-2/files-2.1/org.apache.pdfbox/pdfbox-tools/2.0.18/42f6bde3d60feccd63d2dc653aaea5f1d32b8740/pdfbox-tools-2.0.18.jar:/Users/natashasinghvi/.gradle/caches/modules-2/files-2.1/org.apache.pdfbox/pdfbox-debugger/2.0.18/e5620fcedb338d0c526d8a2f7065a3243fe89af9/pdfbox-debugger-2.0.18.jar:/Users/natashasinghvi/.gradle/caches/modules-2/files-2.1/org.apache.pdfbox/pdfbox/2.0.18/4224701ea1ee71c5356aa166bb2e4b2e21dd505f/pdfbox-2.0.18.jar:/Users/natashasinghvi/.gradle/caches/modules-2/files-2.1/org.apache.pdfbox/jbig2-imageio/3.0.3/1719861ff0b86162c5b391fb4d1084c05ff72b35/jbig2-imageio-3.0.3.jar:/Users/natashasinghvi/.gradle/caches/modules-2/files-2.1/org.apache.xmlgraphics/xmlgraphics-commons/1.4/52a051c7202449347ab3d717987b5fc2e2a52143/xmlgraphics-commons-1.4.jar:/Users/natashasinghvi/.gradle/caches/modules-2/files-2.1/commons-io/commons-io/2.6/815893df5f31da2ece4040fe0a12fd44b577afaf/commons-io-2.6.jar:/Users/natashasinghvi/.gradle/caches/modules-2/files-2.1/org.jboss/jboss-vfs/3.2.15.Final/9b16eb15a13b42d6cd55281938de1b946c735d6f/jboss-vfs-3.
Launcher Type: SUN_STANDARD

[Global flags]
     intx CICompilerCount                          = 3                                         {product} {ergonomic}
     uint ConcGCThreads                            = 1                                         {product} {ergonomic}
     uint G1ConcRefinementThreads                  = 4                                         {product} {ergonomic}
   size_t G1HeapRegionSize                         = 1048576                                   {product} {ergonomic}
    uintx GCDrainStackTargetSize                   = 64                                        {product} {ergonomic}
   size_t InitialHeapSize                          = 134217728                                 {product} {ergonomic}
   size_t MarkStackSize                            = 4194304                                   {product} {ergonomic}
   size_t MaxHeapSize                              = 2147483648                                {product} {ergonomic}
   size_t MaxNewSize                               = 1287651328                                {product} {ergonomic}
   size_t MinHeapDeltaBytes                        = 1048576                                   {product} {ergonomic}
    uintx NonNMethodCodeHeapSize                   = 5830092                                {pd product} {ergonomic}
    uintx NonProfiledCodeHeapSize                  = 122914074                              {pd product} {ergonomic}
    uintx ProfiledCodeHeapSize                     = 122914074                              {pd product} {ergonomic}
    uintx ReservedCodeCacheSize                    = 251658240                              {pd product} {ergonomic}
     bool SegmentedCodeCache                       = true                                      {product} {ergonomic}
     bool UseCompressedClassPointers               = true                                 {lp64_product} {ergonomic}
     bool UseCompressedOops                        = true                                 {lp64_product} {ergonomic}
     bool UseG1GC                                  = true                                      {product} {ergonomic}

Logging:
Log output configuration:
 #0: stdout all=warning uptime,level,tags
 #1: stderr all=off uptime,level,tags

Environment Variables:
PATH=/usr/local/bin:/usr/local/sbin:/Library/Frameworks/Python.framework/Versions/3.7/bin:/usr/local/bin:/usr/bin:/bin:/usr/sbin:/sbin:/opt/X11/bin:/Library/Apple/usr/bin
SHELL=/bin/bash
DISPLAY=/private/tmp/com.apple.launchd.kLftdqnost/org.macosforge.xquartz:0

Signal Handlers:
SIGSEGV: [libjvm.dylib+0x73f4e4], sa_mask[0]=11111111011111110111111111111111, sa_flags=SA_ONSTACK|SA_RESTART|SA_SIGINFO
SIGBUS: [libjvm.dylib+0x73f4e4], sa_mask[0]=11111111011111110111111111111111, sa_flags=SA_RESTART|SA_SIGINFO
SIGFPE: [libjvm.dylib+0x73f4e4], sa_mask[0]=11111111011111110111111111111111, sa_flags=SA_RESTART|SA_SIGINFO
SIGPIPE: [libjvm.dylib+0x5f2192], sa_mask[0]=11111111011111110111111111111111, sa_flags=SA_RESTART|SA_SIGINFO
SIGXFSZ: [libjvm.dylib+0x5f2192], sa_mask[0]=11111111011111110111111111111111, sa_flags=SA_RESTART|SA_SIGINFO
SIGILL: [libjvm.dylib+0x73f4e4], sa_mask[0]=11111111011111110111111111111111, sa_flags=SA_RESTART|SA_SIGINFO
SIGUSR2: [libjvm.dylib+0x5f2777], sa_mask[0]=00100000000000000000000000000000, sa_flags=SA_RESTART|SA_SIGINFO
SIGHUP: [libjvm.dylib+0x5f11d3], sa_mask[0]=11111111011111110111111111111111, sa_flags=SA_RESTART|SA_SIGINFO
SIGINT: [libjvm.dylib+0x5f11d3], sa_mask[0]=11111111011111110111111111111111, sa_flags=SA_RESTART|SA_SIGINFO
SIGTERM: [libjvm.dylib+0x5f11d3], sa_mask[0]=11111111011111110111111111111111, sa_flags=SA_RESTART|SA_SIGINFO
SIGQUIT: [libjvm.dylib+0x5f11d3], sa_mask[0]=11111111011111110111111111111111, sa_flags=SA_RESTART|SA_SIGINFO


---------------  S Y S T E M  ---------------

OS:uname:Darwin 19.2.0 Darwin Kernel Version 19.2.0: Sat Nov  9 03:47:04 PST 2019; root:xnu-6153.61.1~20/RELEASE_X86_64 x86_64
rlimit: STACK 8192k, CORE 0k, NPROC 1392, NOFILE 10240, AS infinity, DATA infinity, FSIZE infinity
load average:2.25 1.92 1.93

CPU:total 4 (initial active 4) (2 cores per cpu, 2 threads per core) family 6 model 61 stepping 4, cmov, cx8, fxsr, mmx, sse, sse2, sse3, ssse3, sse4.1, sse4.2, popcnt, avx, avx2, aes, clmul, erms, rtm, 3dnowpref, lzcnt, ht, tsc, tscinvbit, bmi1, bmi2, adx, fma

Memory: 4k page, physical 8388608k(247048k free)

vm_info: OpenJDK 64-Bit Server VM (11.0.2+9) for bsd-amd64 JRE (11.0.2+9), built on Jan 18 2019 08:16:22 by "mach5one" with gcc 4.2.1 Compatible Apple LLVM 9.1.0 (clang-902.0.39.2)

END.
